2019-06-03 17:00:20 passage 664005: No valid action available
Oracle found no valid action
stack: [                    ]
buffer: []
nodes left: [1.31 1.9 1.14 1.3]
edges left: [1.9->1.41 1.14->1.19 1.1->1.4 1.3->1.30 1.8->1.28 1.3->1.31 1.14->1.12 1.9->1.14 1.1->1.2 1.4->1.9 1.14->1.17 1.31->1.32 1.9->1.11 1.14->1.16 1.1->1.40 1.9->1.10 1.9->1.13 1.4->1.8 1.1->1.3 1.31->1.33 1.8->1.27 1.9->1.12 1.14->1.18]
Actions returned by the oracle:
  FINISH: Root has no child at parse end
2019-06-03 17:00:28 passage 665008: No valid action available
Oracle found no valid action
stack: [                    ]
buffer: []
nodes left: [1.39 1.57 1.20 1.101 1.75 1.109 1.68 1.74 1.27 1.52 1.19 1.45 1.12 1.7 1.79 1.8]
edges left: [1.64->1.75 1.109->1.111 1.19->1.55 1.75->1.135 1.52->0.72 1.101->1.103 1.65->1.68 1.7->1.126 1.74->1.133 1.45->1.51 1.101->1.102 1.8->1.18 1.20->1.25 1.45->1.50 1.17->1.57 1.68->1.71 1.8->1.139 1.99->1.105 1.99->1.106 1.39->1.41 1.57->1.58 1.8->1.13 1.20->1.29 1.29->1.34 1.8->1.14 1.109->1.112 1.16->1.137 1.74->1.83 1.15->1.94 1.74->1.85 1.7->1.109 1.27->1.43 1.45->1.54 1.75->1.79 1.57->1.60 1.8->1.15 1.16->1.63 1.39->1.40 1.8->1.20 1.8->1.19 1.15->1.95 1.39->1.42 1.45->1.52 1.46->1.49 1.109->1.113 1.12->1.100 1.16->1.65 1.8->1.138 1.8->1.12 1.63->1.88 1.20->1.28 1.13->1.98 1.100->0.25 1.31->1.38 1.8->1.129 1.8->1.16 1.8->1.17 1.8->1.130 1.2->1.7 1.75->1.80 1.12->1.101 1.64->1.74 1.2->1.6 1.29->1.35 1.19->1.46 1.74->1.132 1.7->1.107 1.2->1.127 1.31->1.39 1.29->1.32 1.20->1.27 1.12->1.99 1.2->1.128 1.74->1.84 1.15->1.93 1.75->1.136 1.1->1.2 1.79->0.55 1.4->1.119 1.20->1.26 1.68->1.70 1.75->1.78 1.19->1.45 1.4->1.121 1.4->1.120 1.2->1.5 1.15->1.91 1.45->1.53 1.57->1.59 1.2->1.8 1.7->1.108 1.16->1.64 1.27->1.44 1.65->1.69]
Actions returned by the oracle:
  FINISH: Root has no child at parse end
2019-06-03 17:21:16 passage 665008: No valid action available
Oracle found no valid action
stack: [                    ]
buffer: []
nodes left: [1.12 1.20 1.7 1.68 1.74 1.109 1.8 1.75 1.19 1.39 1.57 1.52 1.101 1.79 1.27 1.45]
edges left: [1.45->1.53 1.19->1.55 1.2->1.6 1.4->1.121 1.100->0.25 1.45->1.51 1.75->1.79 1.17->1.57 1.74->1.83 1.8->1.20 1.4->1.120 1.39->1.41 1.29->1.32 1.64->1.74 1.109->1.112 1.20->1.29 1.29->1.34 1.99->1.106 1.15->1.91 1.101->1.103 1.7->1.109 1.2->1.7 1.52->0.72 1.8->1.17 1.7->1.107 1.20->1.25 1.46->1.49 1.15->1.93 1.7->1.108 1.8->1.13 1.65->1.69 1.27->1.43 1.8->1.15 1.19->1.45 1.75->1.135 1.8->1.19 1.19->1.46 1.27->1.44 1.16->1.65 1.8->1.129 1.74->1.133 1.31->1.39 1.20->1.26 1.20->1.28 1.2->1.8 1.74->1.85 1.7->1.126 1.8->1.18 1.2->1.5 1.15->1.94 1.16->1.137 1.57->1.58 1.4->1.119 1.8->1.14 1.31->1.38 1.8->1.16 1.8->1.12 1.16->1.64 1.16->1.63 1.29->1.35 1.20->1.27 1.8->1.130 1.12->1.99 1.13->1.98 1.74->1.132 1.12->1.101 1.8->1.139 1.109->1.113 1.68->1.70 1.109->1.111 1.2->1.128 1.68->1.71 1.99->1.105 1.63->1.88 1.57->1.60 1.45->1.54 1.45->1.52 1.74->1.84 1.79->0.55 1.2->1.127 1.45->1.50 1.64->1.75 1.75->1.78 1.65->1.68 1.101->1.102 1.1->1.2 1.39->1.40 1.8->1.138 1.15->1.95 1.12->1.100 1.75->1.136 1.39->1.42 1.75->1.80 1.57->1.59]
Actions returned by the oracle:
  FINISH: Root has no child at parse end
2019-06-03 18:01:58 passage 642009: No valid action available
Oracle found no valid action
stack: [                    ]
buffer: []
nodes left: [1.12 1.17 1.15 1.24 1.4 1.8]
edges left: [1.15->1.17 1.18->1.24 1.2->1.21 1.17->0.19 1.9->1.12 1.1->1.3 1.12->1.15 1.4->1.9 1.2->1.20 1.15->1.16 1.15->1.33 1.2->1.19 1.4->1.23 1.1->1.2 1.12->1.13 1.1->1.4 1.8->0.13 1.24->1.23 1.4->1.6 1.4->1.7 1.2->1.32 1.24->1.27 1.4->1.8 1.12->1.14 1.24->1.26]
Actions returned by the oracle:
  FINISH: Root has no child at parse end
2019-06-03 18:22:43 passage 642009: No valid action available
Oracle found no valid action
stack: [                    ]
buffer: []
nodes left: [1.12 1.17 1.15 1.24 1.4 1.8]
edges left: [1.4->1.7 1.2->1.20 1.18->1.24 1.1->1.2 1.12->1.15 1.24->1.27 1.4->1.9 1.12->1.13 1.24->1.26 1.4->1.8 1.15->1.16 1.15->1.33 1.1->1.4 1.4->1.23 1.24->1.23 1.2->1.21 1.1->1.3 1.9->1.12 1.4->1.6 1.2->1.19 1.17->0.19 1.8->0.13 1.2->1.32 1.12->1.14 1.15->1.17]
Actions returned by the oracle:
  FINISH: Root has no child at parse end
2019-06-03 18:23:59 passage 659001: No valid action available
Oracle found no valid action
stack: [                    ]
buffer: []
nodes left: [1.6 1.10 1.3]
edges left: [1.6->1.10 1.6->1.34 1.10->1.15 1.1->1.2 1.6->1.13 1.6->1.11 1.1->1.32 1.3->1.27 1.1->1.33 1.1->1.6 1.10->1.16 1.1->1.3 1.6->1.12 1.1->1.5 1.4->1.18 1.6->1.17 1.1->1.4 1.3->1.26 1.6->1.14 1.4->1.19]
Actions returned by the oracle:
  FINISH: Root has no child at parse end
2019-06-03 18:45:16 passage 659001: No valid action available
Oracle found no valid action
stack: [                    ]
buffer: []
nodes left: [1.6 1.10 1.3]
edges left: [1.18->1.25 1.6->1.10 1.6->1.34 1.4->1.18 1.1->1.3 1.10->1.15 1.1->1.5 1.6->1.12 1.6->1.11 1.1->1.32 1.6->1.14 1.3->1.26 1.4->1.19 1.3->1.27 1.1->1.2 1.1->1.6 1.1->1.4 1.10->1.16 1.6->1.17 1.1->1.33 1.6->1.13]
Actions returned by the oracle:
  FINISH: Root has no child at parse end
2019-06-03 19:05:43 passage 647003: No valid action available
Oracle found no valid action
stack: [                    ]
buffer: []
nodes left: [1.17 1.4 1.3]
edges left: [1.17->1.22 1.1->1.3 1.3->1.26 1.3->1.6 1.4->1.9 1.3->1.18 1.4->1.6 1.18->1.21 1.1->1.2 1.3->1.17 1.4->1.8 1.4->1.7 1.17->1.24 1.3->1.16 1.17->1.23 1.1->1.4]
Actions returned by the oracle:
  FINISH: Root has no child at parse end
2019-06-03 19:07:37 passage 670014: No valid action available
Oracle found no valid action
stack: [                    ]
buffer: []
nodes left: [1.17 1.11 1.56 1.9 1.48 1.31 1.7]
edges left: [1.7->1.9 1.9->1.34 1.11->1.13 1.7->1.10 1.7->1.11 1.4->1.48 1.2->1.7 1.9->1.33 1.4->1.47 1.9->1.36 1.9->1.38 1.4->1.49 1.7->1.54 1.9->1.37 1.2->1.5 1.9->1.35 1.17->1.55 1.23->1.56 1.23->0.40 1.19->1.28 1.17->1.30 1.1->1.2 1.31->0.30 1.17->1.31 1.14->1.20 1.19->1.29 1.56->0.39 1.11->1.34 1.48->1.51 1.11->1.14 1.40->0.20 1.48->1.50 1.20->1.57 1.14->1.17]
Actions returned by the oracle:
  FINISH: Root has no child at parse end
2019-06-03 19:25:48 passage 647003: No valid action available
Oracle found no valid action
stack: [                    ]
buffer: []
nodes left: [1.17 1.4 1.3]
edges left: [1.17->1.22 1.3->1.6 1.3->1.17 1.1->1.2 1.4->1.7 1.4->1.9 1.3->1.18 1.4->1.6 1.18->1.21 1.17->1.24 1.1->1.4 1.1->1.3 1.3->1.16 1.4->1.8 1.3->1.26 1.17->1.23]
Actions returned by the oracle:
  FINISH: Root has no child at parse end
2019-06-03 19:26:45 passage 659001: No valid action available
Oracle found no valid action
stack: [                    ]
buffer: []
nodes left: [1.6 1.10 1.4 1.3]
edges left: [1.6->1.11 1.4->1.19 1.3->1.26 1.6->1.14 1.6->1.17 1.4->1.17 1.1->1.2 1.1->1.3 1.4->1.18 1.1->1.32 1.10->1.15 1.10->1.16 1.18->1.25 1.1->1.5 1.3->1.27 1.6->1.10 1.6->1.12 1.6->1.34 1.1->1.33 1.1->1.4 1.4->1.20 1.6->1.13 1.1->1.6]
Actions returned by the oracle:
  FINISH: Root has no child at parse end
2019-06-03 19:27:49 passage 670014: No valid action available
Oracle found no valid action
stack: [                    ]
buffer: []
nodes left: [1.11 1.9 1.48 1.7]
edges left: [1.14->1.20 1.11->1.14 1.11->1.13 1.4->1.48 1.11->1.34 1.9->1.35 1.9->1.34 1.19->1.28 1.9->1.36 1.48->1.51 1.48->1.50 1.19->1.29 1.9->1.38 1.4->1.47 1.7->1.9 1.7->1.11 1.2->1.7 1.9->1.37 1.1->1.2 1.7->1.54 1.9->1.33 1.40->0.20 1.7->1.10 1.2->1.5 1.4->1.49]
Actions returned by the oracle:
  FINISH: Root has no child at parse end
2019-06-03 19:47:04 passage 647003: No valid action available
Oracle found no valid action
stack: [                    ]
buffer: []
nodes left: [1.17 1.4 1.3]
edges left: [1.4->1.9 1.1->1.2 1.1->1.4 1.3->1.18 1.3->1.17 1.3->1.26 1.4->1.8 1.3->1.16 1.17->1.22 1.3->1.6 1.4->1.7 1.4->1.6 1.17->1.24 1.17->1.23 1.1->1.3 1.18->1.21]
Actions returned by the oracle:
  FINISH: Root has no child at parse end
2019-06-03 19:47:58 passage 659001: No valid action available
Oracle found no valid action
stack: [                    ]
buffer: []
nodes left: [1.6 1.10 1.4 1.3]
edges left: [1.6->1.11 1.6->1.10 1.4->1.19 1.3->1.26 1.6->1.12 1.3->1.27 1.1->1.4 1.1->1.32 1.18->1.25 1.1->1.33 1.6->1.14 1.1->1.6 1.10->1.16 1.4->1.17 1.1->1.3 1.6->1.34 1.1->1.5 1.6->1.17 1.4->1.18 1.6->1.13 1.1->1.2 1.4->1.20 1.10->1.15]
Actions returned by the oracle:
  FINISH: Root has no child at parse end
2019-06-03 19:48:53 passage 669002: No valid action available
Oracle found no valid action
stack: [                    ]
buffer: []
nodes left: [1.36 1.2 1.13]
edges left: [1.13->1.15 1.2->1.6 1.4->1.34 1.4->1.36 1.36->1.39 1.2->1.4 1.13->1.17 1.20->1.29 1.2->1.40 1.1->1.2 1.2->1.5 1.7->1.13 1.2->1.7 1.18->1.12 1.36->1.38 1.13->1.12 1.13->1.18 1.13->1.16]
Actions returned by the oracle:
  FINISH: Root has no child at parse end
2019-06-03 20:08:43 passage 647003: No valid action available
Oracle found no valid action
stack: [                    ]
buffer: []
nodes left: [1.17 1.4 1.3]
edges left: [1.4->1.9 1.3->1.6 1.4->1.7 1.17->1.24 1.4->1.8 1.3->1.16 1.1->1.3 1.17->1.22 1.4->1.6 1.1->1.2 1.1->1.4 1.17->1.23 1.3->1.17 1.3->1.18 1.18->1.21 1.3->1.26]
Actions returned by the oracle:
  FINISH: Root has no child at parse end
2019-06-03 20:10:42 passage 669002: No valid action available
Oracle found no valid action
stack: [                    ]
buffer: []
nodes left: [1.36 1.2 1.13]
edges left: [1.13->1.18 1.18->1.12 1.2->1.6 1.36->1.39 1.2->1.40 1.13->1.16 1.1->1.2 1.2->1.5 1.4->1.36 1.13->1.17 1.36->1.38 1.2->1.4 1.13->1.15 1.7->1.13 1.2->1.7 1.4->1.34 1.13->1.12 1.20->1.29]
Actions returned by the oracle:
  FINISH: Root has no child at parse end
2019-06-03 20:29:51 passage 647003: No valid action available
Oracle found no valid action
stack: [                    ]
buffer: []
nodes left: [1.17 1.4 1.3]
edges left: [1.1->1.3 1.3->1.16 1.4->1.8 1.3->1.18 1.3->1.26 1.4->1.6 1.18->1.21 1.17->1.23 1.1->1.4 1.17->1.24 1.17->1.22 1.4->1.9 1.4->1.7 1.1->1.2 1.3->1.17 1.3->1.6]
Actions returned by the oracle:
  FINISH: Root has no child at parse end
2019-06-03 20:31:38 passage 669002: No valid action available
Oracle found no valid action
stack: [                    ]
buffer: []
nodes left: [1.36 1.2 1.13]
edges left: [1.2->1.4 1.13->1.12 1.13->1.15 1.36->1.38 1.2->1.5 1.36->1.39 1.13->1.17 1.4->1.34 1.13->1.18 1.18->1.12 1.7->1.13 1.2->1.40 1.2->1.6 1.13->1.16 1.20->1.29 1.4->1.36 1.7->1.9 1.2->1.7 1.1->1.2]
Actions returned by the oracle:
  FINISH: Root has no child at parse end
2019-06-03 20:52:30 passage 647003: No valid action available
Oracle found no valid action
stack: [                    ]
buffer: []
nodes left: [1.17 1.4 1.3]
edges left: [1.1->1.2 1.4->1.7 1.17->1.22 1.3->1.18 1.18->1.21 1.3->1.26 1.4->1.9 1.1->1.3 1.17->1.24 1.4->1.6 1.17->1.23 1.3->1.16 1.1->1.4 1.3->1.6 1.3->1.17 1.4->1.8]
Actions returned by the oracle:
  FINISH: Root has no child at parse end
2019-06-03 20:54:24 passage 669002: No valid action available
Oracle found no valid action
stack: [                    ]
buffer: []
nodes left: [1.36 1.2 1.13]
edges left: [1.18->1.12 1.7->1.9 1.7->1.13 1.2->1.4 1.36->1.38 1.20->1.29 1.2->1.40 1.13->1.12 1.4->1.36 1.2->1.6 1.4->1.34 1.2->1.5 1.13->1.15 1.36->1.39 1.13->1.16 1.2->1.7 1.13->1.17 1.13->1.18 1.1->1.2]
Actions returned by the oracle:
  FINISH: Root has no child at parse end
2019-06-03 20:54:26 passage 669009: No valid action available
Oracle found no valid action
stack: [                    ]
buffer: []
nodes left: [1.12 1.41 1.19 1.28 1.7 1.30 1.3]
edges left: [1.2->1.19 1.7->1.10 1.7->1.9 1.3->1.7 1.28->1.30 1.30->1.32 1.3->1.24 1.12->1.44 1.19->1.37 1.1->1.43 1.10->1.12 1.19->1.38 1.41->0.3 1.3->1.6 1.25->1.24 1.1->1.3 1.28->1.29 1.25->1.28 1.31->1.33 1.18->1.41 1.2->1.20 1.25->1.27 1.7->1.8 1.12->1.45 1.12->1.16 1.12->1.13 1.30->1.31 1.41->0.4 1.20->1.25 1.1->1.2 1.12->1.15 1.12->1.14]
Actions returned by the oracle:
  FINISH: Root has no child at parse end
2019-06-03 21:12:13 passage 647003: No valid action available
Oracle found no valid action
stack: [                    ]
buffer: []
nodes left: [1.17 1.4 1.3]
edges left: [1.3->1.18 1.4->1.9 1.3->1.6 1.18->1.21 1.3->1.16 1.1->1.3 1.4->1.7 1.17->1.24 1.4->1.6 1.1->1.2 1.17->1.23 1.4->1.8 1.1->1.4 1.17->1.22 1.3->1.26 1.3->1.17]
Actions returned by the oracle:
  FINISH: Root has no child at parse end
2019-06-03 21:12:51 passage 654012: No valid action available
Oracle found no valid action
stack: [                    ]
buffer: []
nodes left: [1.16 1.39 1.37 1.24 1.4]
edges left: [1.12->1.16 1.1->1.4 1.16->1.21 1.37->1.39 1.16->1.20 1.39->1.41 1.1->1.3 1.1->1.2 1.21->1.26 1.1->1.43 1.4->1.9 1.24->1.28 1.37->1.35 1.12->1.47 1.24->1.48 1.4->1.7 1.21->1.24 1.4->1.8 1.24->1.27 1.21->1.49 1.39->1.40 1.37->1.38 1.12->1.15 1.12->1.46 1.30->1.37 1.16->1.15 1.21->1.25 1.3->0.11]
Actions returned by the oracle:
  FINISH: Root has no child at parse end
2019-06-03 21:13:56 passage 669002: No valid action available
Oracle found no valid action
stack: [                    ]
buffer: []
nodes left: [1.36 1.2 1.13]
edges left: [1.13->1.18 1.36->1.39 1.18->1.12 1.13->1.12 1.2->1.40 1.4->1.34 1.7->1.9 1.2->1.6 1.13->1.16 1.13->1.15 1.4->1.36 1.36->1.38 1.2->1.4 1.13->1.17 1.2->1.5 1.1->1.2 1.20->1.29 1.2->1.7 1.7->1.13]
Actions returned by the oracle:
  FINISH: Root has no child at parse end
2019-06-03 21:13:59 passage 669009: No valid action available
Oracle found no valid action
stack: [                    ]
buffer: []
nodes left: [1.12 1.41 1.19 1.28 1.7 1.30 1.3]
edges left: [1.25->1.27 1.12->1.15 1.3->1.24 1.1->1.2 1.19->1.38 1.3->1.6 1.19->1.37 1.20->1.25 1.25->1.28 1.28->1.29 1.7->1.8 1.10->1.12 1.28->1.30 1.30->1.32 1.12->1.14 1.7->1.10 1.25->1.24 1.2->1.19 1.7->1.9 1.30->1.31 1.31->1.33 1.41->0.4 1.12->1.13 1.1->1.43 1.12->1.44 1.18->1.41 1.2->1.20 1.12->1.45 1.1->1.3 1.12->1.16 1.3->1.7 1.41->0.3]
Actions returned by the oracle:
  FINISH: Root has no child at parse end
2019-06-03 21:32:08 passage 647003: No valid action available
Oracle found no valid action
stack: [                    ]
buffer: []
nodes left: [1.17 1.4 1.3]
edges left: [1.1->1.2 1.3->1.16 1.4->1.9 1.1->1.4 1.3->1.26 1.3->1.18 1.17->1.22 1.17->1.23 1.4->1.6 1.3->1.6 1.4->1.7 1.4->1.8 1.18->1.21 1.3->1.17 1.17->1.24 1.1->1.3]
Actions returned by the oracle:
  FINISH: Root has no child at parse end
2019-06-03 21:32:47 passage 654012: No valid action available
Oracle found no valid action
stack: [                    ]
buffer: []
nodes left: [1.16 1.39 1.37 1.24 1.4]
edges left: [1.12->1.47 1.37->1.38 1.24->1.27 1.4->1.9 1.1->1.2 1.21->1.25 1.30->1.37 1.12->1.46 1.21->1.26 1.4->1.7 1.39->1.40 1.1->1.43 1.2->1.31 1.39->1.41 1.1->1.4 1.4->1.8 1.16->1.21 1.21->1.24 1.16->1.15 1.2->1.32 1.37->1.39 1.1->1.3 1.37->1.35 1.16->1.20 1.12->1.16 1.24->1.48 1.24->1.28 1.3->0.11 1.21->1.49 1.12->1.15]
Actions returned by the oracle:
  FINISH: Root has no child at parse end
2019-06-03 21:33:11 passage 660001: No valid action available
Oracle found no valid action
stack: [                    ]
buffer: []
nodes left: [1.14 1.24 1.13 1.4 1.30]
edges left: [1.2->1.39 1.1->1.4 1.2->1.41 1.1->1.3 1.1->1.59 1.2->1.40 1.24->1.25 1.38->1.53 1.14->1.20 1.10->1.61 1.38->1.51 1.2->1.42 1.14->1.17 1.13->1.12 1.24->1.26 1.4->1.9 1.30->1.32 1.10->1.14 1.24->1.62 1.31->1.33 1.13->1.30 1.1->1.2 1.14->1.18 1.10->1.13 1.38->1.54 1.20->1.24 1.14->1.12 1.32->0.31 1.10->1.60 1.4->1.7 1.18->1.27 1.4->1.10 1.14->1.19 1.30->1.31 1.4->1.8 1.38->1.52]
Actions returned by the oracle:
  FINISH: Root has no child at parse end
2019-06-03 21:33:55 passage 669002: No valid action available
Oracle found no valid action
stack: [                    ]
buffer: []
nodes left: [1.36 1.2 1.13]
edges left: [1.1->1.2 1.2->1.7 1.13->1.17 1.20->1.29 1.36->1.39 1.4->1.34 1.4->1.36 1.2->1.5 1.13->1.15 1.7->1.13 1.13->1.12 1.7->1.9 1.36->1.38 1.13->1.16 1.2->1.40 1.2->1.6 1.13->1.18 1.2->1.4 1.18->1.12]
Actions returned by the oracle:
  FINISH: Root has no child at parse end
2019-06-03 21:33:57 passage 669009: No valid action available
Oracle found no valid action
stack: [                    ]
buffer: []
nodes left: [1.12 1.41 1.19 1.28 1.7 1.30 1.3]
edges left: [1.7->1.10 1.3->1.24 1.7->1.8 1.30->1.32 1.1->1.43 1.12->1.45 1.25->1.28 1.3->1.7 1.12->1.16 1.18->1.41 1.20->1.25 1.1->1.2 1.7->1.9 1.19->1.37 1.28->1.30 1.41->0.3 1.30->1.31 1.31->1.33 1.12->1.15 1.2->1.20 1.12->1.13 1.25->1.27 1.28->1.29 1.12->1.14 1.19->1.38 1.1->1.3 1.25->1.24 1.2->1.19 1.41->0.4 1.3->1.6 1.12->1.44 1.10->1.12]
Actions returned by the oracle:
  FINISH: Root has no child at parse end
2019-06-03 21:51:59 passage 647003: No valid action available
Oracle found no valid action
stack: [                    ]
buffer: []
nodes left: [1.17 1.4 1.3]
edges left: [1.18->1.21 1.3->1.26 1.4->1.7 1.3->1.17 1.3->1.18 1.17->1.24 1.1->1.2 1.4->1.6 1.3->1.6 1.4->1.8 1.17->1.22 1.1->1.3 1.17->1.23 1.4->1.9 1.3->1.16 1.1->1.4]
Actions returned by the oracle:
  FINISH: Root has no child at parse end
2019-06-03 21:52:38 passage 654012: No valid action available
Oracle found no valid action
stack: [                    ]
buffer: []
nodes left: [1.16 1.39 1.37 1.24 1.4]
edges left: [1.4->1.8 1.16->1.21 1.1->1.4 1.12->1.46 1.16->1.20 1.21->1.25 1.16->1.15 1.24->1.48 1.2->1.32 1.21->1.26 1.4->1.9 1.21->1.49 1.37->1.35 1.3->0.11 1.24->1.27 1.12->1.15 1.39->1.40 1.4->1.7 1.30->1.37 1.39->1.41 1.1->1.43 1.24->1.28 1.12->1.47 1.2->1.31 1.1->1.2 1.37->1.39 1.1->1.3 1.37->1.38 1.21->1.24 1.12->1.16]
Actions returned by the oracle:
  FINISH: Root has no child at parse end
2019-06-03 21:53:01 passage 660001: No valid action available
Oracle found no valid action
stack: [                    ]
buffer: []
nodes left: [1.14 1.24 1.13 1.4 1.30]
edges left: [1.30->1.32 1.1->1.2 1.31->1.33 1.38->1.52 1.38->1.53 1.24->1.62 1.32->0.31 1.38->1.51 1.38->1.54 1.30->1.31 1.14->1.12 1.1->1.59 1.2->1.42 1.10->1.61 1.2->1.40 1.2->1.39 1.18->1.27 1.4->1.10 1.24->1.25 1.4->1.7 1.14->1.18 1.10->1.60 1.2->1.41 1.14->1.17 1.1->1.3 1.4->1.9 1.10->1.13 1.1->1.4 1.14->1.20 1.4->1.8 1.14->1.19 1.10->1.14 1.13->1.12 1.20->1.24 1.13->1.30 1.24->1.26]
Actions returned by the oracle:
  FINISH: Root has no child at parse end
2019-06-03 21:53:45 passage 669002: No valid action available
Oracle found no valid action
stack: [                    ]
buffer: []
nodes left: [1.36 1.2 1.13]
edges left: [1.4->1.36 1.13->1.15 1.4->1.34 1.2->1.5 1.13->1.18 1.7->1.9 1.36->1.39 1.2->1.6 1.1->1.2 1.2->1.4 1.18->1.12 1.13->1.17 1.7->1.13 1.2->1.40 1.20->1.29 1.13->1.16 1.36->1.38 1.13->1.12 1.2->1.7]
Actions returned by the oracle:
  FINISH: Root has no child at parse end
2019-06-03 21:53:49 passage 669009: No valid action available
Oracle found no valid action
stack: [                    ]
buffer: []
nodes left: [1.12 1.41 1.19 1.28 1.7 1.30 1.3]
edges left: [1.19->1.38 1.19->1.37 1.25->1.28 1.12->1.13 1.25->1.27 1.12->1.15 1.7->1.10 1.3->1.24 1.28->1.29 1.30->1.31 1.28->1.30 1.25->1.24 1.1->1.2 1.2->1.19 1.7->1.9 1.12->1.44 1.3->1.7 1.3->1.6 1.18->1.41 1.10->1.12 1.30->1.32 1.41->0.3 1.1->1.43 1.12->1.45 1.12->1.14 1.12->1.16 1.41->0.4 1.2->1.20 1.7->1.8 1.31->1.33 1.20->1.25 1.1->1.3]
Actions returned by the oracle:
  FINISH: Root has no child at parse end
2019-06-03 21:53:51 passage 670002: No valid action available
Oracle found no valid action
stack: [                    ]
buffer: []
nodes left: [1.55 1.32 1.45 1.14 1.30 1.26 1.10 1.13 1.41 1.40 1.4 1.8 1.78 1.73 1.39 1.42 1.28]
edges left: [1.63->1.67 1.42->0.53 1.58->1.63 1.55->1.52 1.50->1.97 1.63->1.70 1.58->1.61 1.13->1.39 1.78->1.83 1.13->1.40 1.53->1.55 1.13->1.41 1.14->1.18 1.2->1.53 1.14->1.15 1.10->1.14 1.4->1.9 1.58->1.102 1.63->1.71 1.55->1.58 1.10->1.13 1.63->1.73 1.39->1.45 1.84->1.89 1.63->1.72 1.58->1.103 1.73->1.78 1.14->1.13 1.58->1.62 1.14->1.16 1.63->1.104 1.41->1.42 1.58->1.60 1.73->1.76 1.63->1.69 1.67->1.94 1.30->1.35 1.28->1.32 1.41->1.43 1.33->0.71 1.97->0.5 1.14->1.17 1.40->0.52 1.8->1.47 1.22->1.26 1.26->1.28 1.45->0.51 1.79->1.81 1.1->1.2 1.28->1.31 1.4->1.8 1.26->1.27 1.78->1.71 1.32->1.33 1.4->1.108 1.78->1.80 1.26->1.25 1.39->1.44 1.28->1.30 1.2->1.51 1.1->1.3 1.73->1.75 1.32->1.109 1.32->1.34 1.4->1.10 1.8->1.46 1.4->1.107 1.28->1.29 1.1->1.106 1.1->1.4 1.30->1.36 1.2->1.52 1.78->1.79 1.1->1.105 1.73->1.77]
Actions returned by the oracle:
  FINISH: Root has no child at parse end
2019-06-03 22:11:49 passage 647003: No valid action available
Oracle found no valid action
stack: [                    ]
buffer: []
nodes left: [1.17 1.4 1.3]
edges left: [1.17->1.22 1.4->1.9 1.1->1.3 1.17->1.24 1.1->1.2 1.1->1.4 1.4->1.6 1.3->1.16 1.4->1.8 1.3->1.17 1.3->1.26 1.18->1.21 1.4->1.7 1.3->1.18 1.3->1.6 1.17->1.23]
Actions returned by the oracle:
  FINISH: Root has no child at parse end
2019-06-03 22:12:28 passage 654012: No valid action available
Oracle found no valid action
stack: [                    ]
buffer: []
nodes left: [1.16 1.39 1.37 1.24 1.4]
edges left: [1.1->1.43 1.4->1.8 1.3->0.11 1.4->1.9 1.24->1.27 1.24->1.28 1.1->1.3 1.1->1.2 1.12->1.15 1.12->1.16 1.16->1.21 1.21->1.49 1.24->1.48 1.30->1.37 1.37->1.39 1.4->1.7 1.37->1.38 1.21->1.26 1.39->1.40 1.21->1.25 1.16->1.15 1.12->1.47 1.16->1.20 1.1->1.4 1.39->1.41 1.21->1.24 1.37->1.35 1.12->1.46]
Actions returned by the oracle:
  FINISH: Root has no child at parse end
2019-06-03 22:12:50 passage 660001: No valid action available
Oracle found no valid action
stack: [                    ]
buffer: []
nodes left: [1.14 1.24 1.13 1.4 1.30]
edges left: [1.38->1.51 1.38->1.54 1.38->1.52 1.38->1.53 1.31->1.33 1.32->0.31 1.20->1.24 1.10->1.60 1.14->1.12 1.4->1.7 1.1->1.59 1.10->1.14 1.10->1.61 1.4->1.8 1.30->1.32 1.18->1.27 1.1->1.3 1.4->1.10 1.2->1.42 1.14->1.19 1.13->1.12 1.2->1.41 1.24->1.62 1.4->1.9 1.2->1.39 1.1->1.2 1.24->1.26 1.13->1.30 1.2->1.40 1.14->1.18 1.1->1.4 1.10->1.13 1.14->1.20 1.14->1.17 1.24->1.25 1.30->1.31]
Actions returned by the oracle:
  FINISH: Root has no child at parse end
2019-06-03 22:13:34 passage 669002: No valid action available
Oracle found no valid action
stack: [                    ]
buffer: []
nodes left: [1.36 1.2 1.13]
edges left: [1.13->1.12 1.4->1.34 1.13->1.15 1.2->1.40 1.7->1.13 1.13->1.17 1.7->1.9 1.18->1.12 1.1->1.2 1.2->1.7 1.2->1.6 1.13->1.18 1.36->1.38 1.2->1.5 1.4->1.36 1.2->1.4 1.36->1.39 1.13->1.16 1.20->1.29]
Actions returned by the oracle:
  FINISH: Root has no child at parse end
2019-06-03 22:13:37 passage 669009: No valid action available
Oracle found no valid action
stack: [                    ]
buffer: []
nodes left: [1.12 1.41 1.19 1.28 1.7 1.30 1.3]
edges left: [1.3->1.6 1.12->1.15 1.25->1.28 1.28->1.29 1.20->1.25 1.7->1.8 1.1->1.2 1.12->1.45 1.3->1.24 1.31->1.33 1.12->1.44 1.30->1.31 1.41->0.3 1.3->1.7 1.2->1.19 1.12->1.16 1.2->1.20 1.18->1.41 1.1->1.3 1.10->1.12 1.28->1.30 1.25->1.24 1.7->1.9 1.41->0.4 1.1->1.43 1.19->1.38 1.7->1.10 1.19->1.37 1.12->1.14 1.25->1.27 1.12->1.13 1.30->1.32]
Actions returned by the oracle:
  FINISH: Root has no child at parse end
2019-06-03 22:31:24 passage 640002: No valid action available
Oracle found no valid action
stack: [                    ]
buffer: []
nodes left: [1.16 1.6 1.14]
edges left: [1.6->1.24 1.26->1.31 1.14->1.19 1.14->1.10 1.4->1.26 1.16->1.17 1.2->1.5 1.11->1.16 1.16->1.35 1.2->1.33 1.4->1.28 1.11->1.14 1.27->0.4 1.14->1.20 1.6->1.25 1.2->1.7 1.11->1.15 1.16->1.10 1.2->1.6 1.16->1.18 1.7->1.10 1.1->1.2]
Actions returned by the oracle:
  FINISH: Root has no child at parse end
2019-06-03 22:31:59 passage 647003: No valid action available
Oracle found no valid action
stack: [                    ]
buffer: []
nodes left: [1.17 1.4 1.3]
edges left: [1.4->1.9 1.17->1.24 1.3->1.17 1.17->1.22 1.18->1.21 1.1->1.2 1.1->1.3 1.1->1.4 1.3->1.18 1.3->1.26 1.3->1.16 1.4->1.7 1.17->1.23 1.4->1.8 1.3->1.6 1.4->1.6]
Actions returned by the oracle:
  FINISH: Root has no child at parse end
2019-06-03 22:32:38 passage 654012: No valid action available
Oracle found no valid action
stack: [                    ]
buffer: []
nodes left: [1.16 1.39 1.37 1.24 1.4]
edges left: [1.12->1.47 1.16->1.21 1.4->1.9 1.24->1.48 1.16->1.20 1.21->1.24 1.30->1.37 1.37->1.35 1.12->1.46 1.37->1.38 1.37->1.39 1.39->1.41 1.4->1.7 1.24->1.28 1.16->1.15 1.21->1.26 1.12->1.15 1.4->1.8 1.24->1.27 1.1->1.3 1.1->1.43 1.21->1.49 1.12->1.16 1.3->0.11 1.1->1.2 1.39->1.40 1.21->1.25 1.1->1.4]
Actions returned by the oracle:
  FINISH: Root has no child at parse end
2019-06-03 22:33:01 passage 660001: No valid action available
Oracle found no valid action
stack: [                    ]
buffer: []
nodes left: [1.14 1.24 1.13 1.4 1.30]
edges left: [1.38->1.51 1.38->1.52 1.32->0.31 1.31->1.33 1.38->1.53 1.38->1.54 1.1->1.2 1.30->1.32 1.30->1.31 1.14->1.18 1.14->1.20 1.14->1.19 1.14->1.17 1.10->1.13 1.4->1.8 1.24->1.62 1.2->1.42 1.18->1.27 1.4->1.9 1.4->1.7 1.2->1.41 1.10->1.60 1.13->1.12 1.2->1.40 1.4->1.10 1.24->1.25 1.1->1.3 1.2->1.39 1.24->1.26 1.13->1.30 1.14->1.12 1.10->1.14 1.20->1.24 1.1->1.4 1.10->1.61 1.1->1.59]
Actions returned by the oracle:
  FINISH: Root has no child at parse end
2019-06-03 22:33:46 passage 669002: No valid action available
Oracle found no valid action
stack: [                    ]
buffer: []
nodes left: [1.36 1.2 1.13]
edges left: [1.2->1.6 1.4->1.34 1.2->1.5 1.1->1.2 1.36->1.39 1.13->1.18 1.2->1.7 1.7->1.13 1.2->1.40 1.20->1.29 1.4->1.36 1.2->1.4 1.13->1.15 1.13->1.12 1.13->1.16 1.18->1.12 1.36->1.38 1.7->1.9 1.13->1.17]
Actions returned by the oracle:
  FINISH: Root has no child at parse end
2019-06-03 22:33:48 passage 669009: No valid action available
Oracle found no valid action
stack: [                    ]
buffer: []
nodes left: [1.12 1.41 1.19 1.28 1.7 1.30 1.3]
edges left: [1.41->0.4 1.7->1.10 1.20->1.25 1.3->1.7 1.7->1.9 1.12->1.45 1.1->1.43 1.18->1.41 1.2->1.20 1.7->1.8 1.1->1.3 1.25->1.27 1.31->1.33 1.41->0.3 1.25->1.28 1.28->1.29 1.19->1.38 1.19->1.37 1.2->1.19 1.3->1.6 1.12->1.16 1.12->1.44 1.30->1.31 1.25->1.24 1.10->1.12 1.1->1.2 1.30->1.32 1.3->1.24 1.12->1.14 1.28->1.30 1.12->1.15 1.12->1.13]
Actions returned by the oracle:
  FINISH: Root has no child at parse end
2019-06-03 22:52:02 passage 640002: No valid action available
Oracle found no valid action
stack: [                    ]
buffer: []
nodes left: [1.16 1.6 1.14]
edges left: [1.2->1.7 1.2->1.33 1.11->1.14 1.26->1.31 1.11->1.16 1.4->1.28 1.14->1.10 1.16->1.18 1.14->1.19 1.16->1.17 1.14->1.20 1.6->1.24 1.6->1.25 1.27->0.4 1.1->1.2 1.2->1.6 1.7->1.10 1.16->1.10 1.16->1.35 1.4->1.26 1.11->1.15 1.2->1.5]
Actions returned by the oracle:
  FINISH: Root has no child at parse end
2019-06-03 22:52:38 passage 647003: No valid action available
Oracle found no valid action
stack: [                    ]
buffer: []
nodes left: [1.17 1.4 1.3]
edges left: [1.1->1.3 1.17->1.23 1.17->1.22 1.1->1.4 1.3->1.17 1.18->1.21 1.4->1.6 1.4->1.7 1.4->1.8 1.3->1.6 1.4->1.9 1.3->1.26 1.3->1.16 1.1->1.2 1.3->1.18 1.17->1.24]
Actions returned by the oracle:
  FINISH: Root has no child at parse end
2019-06-03 22:53:20 passage 654012: No valid action available
Oracle found no valid action
stack: [                    ]
buffer: []
nodes left: [1.16 1.39 1.37 1.24 1.4]
edges left: [1.12->1.15 1.4->1.7 1.12->1.46 1.39->1.40 1.39->1.41 1.12->1.47 1.21->1.25 1.16->1.15 1.4->1.8 1.16->1.20 1.12->1.16 1.21->1.26 1.4->1.9 1.16->1.21 1.24->1.48 1.37->1.39 1.1->1.2 1.21->1.49 1.24->1.27 1.1->1.43 1.37->1.35 1.1->1.4 1.21->1.24 1.37->1.38 1.1->1.3 1.30->1.37 1.3->0.11 1.24->1.28]
Actions returned by the oracle:
  FINISH: Root has no child at parse end
2019-06-03 22:53:45 passage 660001: No valid action available
Oracle found no valid action
stack: [                    ]
buffer: []
nodes left: [1.14 1.24 1.13 1.4 1.30]
edges left: [1.1->1.3 1.4->1.10 1.14->1.20 1.38->1.51 1.2->1.40 1.4->1.7 1.38->1.54 1.1->1.4 1.2->1.39 1.14->1.18 1.18->1.27 1.2->1.42 1.1->1.59 1.14->1.19 1.38->1.53 1.2->1.41 1.14->1.12 1.10->1.13 1.10->1.60 1.4->1.9 1.38->1.52 1.10->1.14 1.10->1.61 1.4->1.8 1.24->1.26 1.13->1.12 1.1->1.2 1.31->1.33 1.24->1.25 1.24->1.62 1.13->1.30 1.30->1.31 1.14->1.17 1.30->1.32 1.20->1.24]
Actions returned by the oracle:
  FINISH: Root has no child at parse end
2019-06-03 22:54:32 passage 669002: No valid action available
Oracle found no valid action
stack: [                    ]
buffer: []
nodes left: [1.36 1.2 1.13]
edges left: [1.7->1.9 1.2->1.7 1.20->1.29 1.2->1.40 1.4->1.36 1.1->1.2 1.13->1.18 1.36->1.39 1.2->1.6 1.18->1.12 1.2->1.4 1.36->1.38 1.13->1.15 1.2->1.5 1.7->1.13 1.13->1.12 1.4->1.34 1.13->1.16 1.13->1.17]
Actions returned by the oracle:
  FINISH: Root has no child at parse end
2019-06-03 22:54:34 passage 669009: No valid action available
Oracle found no valid action
stack: [                    ]
buffer: []
nodes left: [1.12 1.41 1.19 1.28 1.7 1.30 1.3]
edges left: [1.3->1.6 1.28->1.29 1.31->1.33 1.25->1.27 1.18->1.41 1.12->1.14 1.12->1.13 1.25->1.24 1.41->0.3 1.28->1.30 1.10->1.12 1.1->1.43 1.1->1.3 1.12->1.44 1.7->1.8 1.19->1.38 1.3->1.24 1.25->1.28 1.3->1.7 1.12->1.45 1.30->1.32 1.2->1.19 1.20->1.25 1.12->1.15 1.41->0.4 1.30->1.31 1.2->1.20 1.19->1.37 1.7->1.10 1.12->1.16 1.1->1.2 1.7->1.9]
Actions returned by the oracle:
  FINISH: Root has no child at parse end
2019-06-03 23:14:21 passage 647003: No valid action available
Oracle found no valid action
stack: [                    ]
buffer: []
nodes left: [1.17 1.4 1.3]
edges left: [1.17->1.23 1.1->1.3 1.1->1.4 1.18->1.21 1.3->1.16 1.3->1.26 1.4->1.7 1.4->1.9 1.4->1.6 1.1->1.2 1.17->1.24 1.3->1.6 1.4->1.8 1.17->1.22 1.3->1.18 1.3->1.17]
Actions returned by the oracle:
  FINISH: Root has no child at parse end
2019-06-03 23:15:01 passage 654012: No valid action available
Oracle found no valid action
stack: [                    ]
buffer: []
nodes left: [1.16 1.39 1.37 1.24 1.4]
edges left: [1.37->1.35 1.12->1.16 1.16->1.20 1.37->1.38 1.1->1.3 1.24->1.28 1.4->1.9 1.39->1.41 1.16->1.21 1.21->1.25 1.24->1.48 1.12->1.47 1.1->1.4 1.24->1.27 1.1->1.2 1.4->1.8 1.12->1.46 1.1->1.43 1.21->1.26 1.37->1.39 1.16->1.15 1.21->1.49 1.4->1.7 1.39->1.40 1.30->1.37 1.21->1.24 1.3->0.11 1.12->1.15]
Actions returned by the oracle:
  FINISH: Root has no child at parse end
2019-06-03 23:15:23 passage 660001: No valid action available
Oracle found no valid action
stack: [                    ]
buffer: []
nodes left: [1.14 1.24 1.13 1.4 1.30]
edges left: [1.4->1.8 1.1->1.2 1.14->1.17 1.10->1.60 1.14->1.18 1.31->1.33 1.1->1.59 1.10->1.13 1.1->1.3 1.2->1.39 1.30->1.32 1.14->1.19 1.38->1.53 1.38->1.54 1.10->1.14 1.38->1.51 1.2->1.42 1.2->1.41 1.24->1.62 1.1->1.4 1.14->1.12 1.24->1.26 1.4->1.9 1.4->1.10 1.20->1.24 1.38->1.52 1.18->1.27 1.2->1.40 1.30->1.31 1.4->1.7 1.13->1.30 1.10->1.61 1.14->1.20 1.24->1.25 1.13->1.12]
Actions returned by the oracle:
  FINISH: Root has no child at parse end
2019-06-03 23:16:07 passage 669002: No valid action available
Oracle found no valid action
stack: [                    ]
buffer: []
nodes left: [1.36 1.2 1.13]
edges left: [1.2->1.5 1.7->1.9 1.36->1.38 1.13->1.16 1.2->1.4 1.13->1.15 1.36->1.39 1.2->1.6 1.13->1.12 1.1->1.2 1.4->1.34 1.13->1.17 1.20->1.29 1.7->1.13 1.18->1.12 1.13->1.18 1.4->1.36 1.2->1.40 1.2->1.7]
Actions returned by the oracle:
  FINISH: Root has no child at parse end
2019-06-03 23:34:28 passage 647003: No valid action available
Oracle found no valid action
stack: [                    ]
buffer: []
nodes left: [1.17 1.4 1.3]
edges left: [1.17->1.22 1.17->1.23 1.4->1.6 1.3->1.26 1.4->1.7 1.17->1.24 1.1->1.4 1.18->1.21 1.4->1.9 1.4->1.8 1.3->1.18 1.3->1.17 1.3->1.16 1.3->1.6 1.1->1.2 1.1->1.3]
Actions returned by the oracle:
  FINISH: Root has no child at parse end
2019-06-03 23:35:07 passage 654012: No valid action available
Oracle found no valid action
stack: [                    ]
buffer: []
nodes left: [1.16 1.39 1.37 1.24 1.4]
edges left: [1.21->1.24 1.12->1.46 1.4->1.7 1.24->1.48 1.39->1.41 1.12->1.15 1.21->1.49 1.37->1.38 1.1->1.43 1.39->1.40 1.37->1.35 1.24->1.27 1.16->1.15 1.21->1.26 1.4->1.9 1.3->0.11 1.21->1.25 1.1->1.3 1.24->1.28 1.30->1.37 1.12->1.47 1.16->1.20 1.16->1.21 1.12->1.16 1.4->1.8 1.1->1.2 1.1->1.4 1.37->1.39]
Actions returned by the oracle:
  FINISH: Root has no child at parse end
2019-06-03 23:35:29 passage 660001: No valid action available
Oracle found no valid action
stack: [                    ]
buffer: []
nodes left: [1.14 1.24 1.13 1.30]
edges left: [1.38->1.52 1.1->1.2 1.38->1.54 1.10->1.13 1.1->1.59 1.24->1.62 1.30->1.31 1.2->1.41 1.38->1.53 1.10->1.60 1.2->1.42 1.13->1.12 1.38->1.51 1.20->1.24 1.2->1.39 1.14->1.18 1.31->1.33 1.42->1.47 1.2->1.40 1.14->1.20 1.24->1.25 1.18->1.27 1.24->1.26 1.14->1.19 1.10->1.61 1.14->1.12 1.14->1.17 1.13->1.30 1.46->1.49 1.10->1.14 1.30->1.32 1.1->1.4 1.1->1.3]
Actions returned by the oracle:
  FINISH: Root has no child at parse end
2019-06-03 23:36:13 passage 669002: No valid action available
Oracle found no valid action
stack: [                    ]
buffer: []
nodes left: [1.36 1.2 1.13]
edges left: [1.2->1.6 1.20->1.29 1.13->1.15 1.36->1.38 1.2->1.5 1.13->1.17 1.36->1.39 1.1->1.2 1.13->1.12 1.4->1.34 1.2->1.7 1.2->1.40 1.13->1.16 1.4->1.36 1.7->1.9 1.13->1.18 1.18->1.12 1.7->1.13 1.2->1.4]
Actions returned by the oracle:
  FINISH: Root has no child at parse end
2019-06-03 23:54:59 passage 647003: No valid action available
Oracle found no valid action
stack: [                    ]
buffer: []
nodes left: [1.17 1.4 1.3]
edges left: [1.4->1.6 1.18->1.21 1.3->1.26 1.17->1.23 1.1->1.2 1.3->1.6 1.4->1.7 1.17->1.24 1.3->1.18 1.4->1.9 1.3->1.16 1.1->1.4 1.3->1.17 1.4->1.8 1.17->1.22 1.1->1.3]
Actions returned by the oracle:
  FINISH: Root has no child at parse end
2019-06-03 23:56:02 passage 660001: No valid action available
Oracle found no valid action
stack: [                    ]
buffer: []
nodes left: [1.14 1.24 1.13 1.30]
edges left: [1.2->1.39 1.10->1.14 1.2->1.40 1.10->1.61 1.1->1.4 1.2->1.42 1.2->1.41 1.1->1.3 1.1->1.2 1.10->1.60 1.10->1.13 1.1->1.59 1.14->1.12 1.31->1.33 1.30->1.32 1.14->1.18 1.38->1.53 1.18->1.27 1.42->1.47 1.24->1.26 1.13->1.30 1.13->1.12 1.38->1.54 1.14->1.19 1.14->1.17 1.20->1.24 1.30->1.31 1.38->1.51 1.14->1.20 1.24->1.25 1.38->1.52 1.24->1.62 1.46->1.49]
Actions returned by the oracle:
  FINISH: Root has no child at parse end
2019-06-03 23:56:48 passage 669002: No valid action available
Oracle found no valid action
stack: [                    ]
buffer: []
nodes left: [1.36 1.2 1.13]
edges left: [1.4->1.34 1.18->1.12 1.13->1.12 1.13->1.16 1.1->1.2 1.13->1.18 1.2->1.5 1.36->1.38 1.2->1.7 1.7->1.9 1.20->1.29 1.2->1.6 1.13->1.17 1.7->1.13 1.36->1.39 1.2->1.4 1.13->1.15 1.2->1.40 1.4->1.36]
Actions returned by the oracle:
  FINISH: Root has no child at parse end
2019-06-04 00:15:44 passage 647003: No valid action available
Oracle found no valid action
stack: [                    ]
buffer: []
nodes left: [1.17 1.4 1.3]
edges left: [1.4->1.8 1.17->1.24 1.3->1.6 1.17->1.23 1.1->1.2 1.17->1.22 1.18->1.21 1.3->1.26 1.3->1.17 1.1->1.3 1.4->1.6 1.4->1.7 1.4->1.9 1.1->1.4 1.3->1.18 1.3->1.16]
Actions returned by the oracle:
  FINISH: Root has no child at parse end
2019-06-04 00:17:30 passage 669002: No valid action available
Oracle found no valid action
stack: [                    ]
buffer: []
nodes left: [1.36 1.2 1.13]
edges left: [1.2->1.6 1.13->1.18 1.2->1.4 1.4->1.36 1.13->1.16 1.2->1.40 1.13->1.12 1.1->1.2 1.18->1.12 1.2->1.5 1.36->1.38 1.2->1.7 1.13->1.15 1.36->1.39 1.7->1.9 1.13->1.17 1.20->1.29 1.7->1.13 1.4->1.34]
Actions returned by the oracle:
  FINISH: Root has no child at parse end
2019-06-04 00:38:10 passage 647003: No valid action available
Oracle found no valid action
stack: [                    ]
buffer: []
nodes left: [1.17 1.4 1.3]
edges left: [1.4->1.9 1.3->1.17 1.4->1.8 1.3->1.18 1.4->1.6 1.3->1.6 1.3->1.16 1.1->1.2 1.17->1.24 1.17->1.22 1.4->1.7 1.18->1.21 1.1->1.3 1.1->1.4 1.17->1.23 1.3->1.26]
Actions returned by the oracle:
  FINISH: Root has no child at parse end
2019-06-04 00:40:06 passage 669002: No valid action available
Oracle found no valid action
stack: [                    ]
buffer: []
nodes left: [1.36 1.2 1.13]
edges left: [1.2->1.4 1.2->1.40 1.2->1.7 1.13->1.18 1.4->1.36 1.13->1.17 1.7->1.9 1.13->1.12 1.13->1.15 1.1->1.2 1.7->1.13 1.4->1.34 1.36->1.38 1.2->1.6 1.20->1.29 1.2->1.5 1.18->1.12 1.36->1.39 1.13->1.16]
Actions returned by the oracle:
  FINISH: Root has no child at parse end
2019-06-04 00:59:19 passage 647003: No valid action available
Oracle found no valid action
stack: [                    ]
buffer: []
nodes left: [1.17 1.4 1.3]
edges left: [1.1->1.4 1.4->1.8 1.4->1.9 1.3->1.18 1.3->1.16 1.17->1.23 1.4->1.6 1.3->1.17 1.18->1.21 1.3->1.26 1.1->1.2 1.1->1.3 1.17->1.22 1.3->1.6 1.17->1.24 1.4->1.7]
Actions returned by the oracle:
  FINISH: Root has no child at parse end
2019-06-04 01:01:07 passage 669002: No valid action available
Oracle found no valid action
stack: [                    ]
buffer: []
nodes left: [1.36 1.2 1.13]
edges left: [1.1->1.2 1.7->1.13 1.36->1.39 1.7->1.9 1.13->1.16 1.2->1.6 1.4->1.36 1.2->1.7 1.4->1.34 1.13->1.17 1.13->1.12 1.36->1.38 1.18->1.12 1.2->1.40 1.2->1.5 1.2->1.4 1.13->1.15 1.20->1.29 1.13->1.18]
Actions returned by the oracle:
  FINISH: Root has no child at parse end
2019-06-04 01:20:26 passage 647003: No valid action available
Oracle found no valid action
stack: [                    ]
buffer: []
nodes left: [1.17 1.4 1.3]
edges left: [1.3->1.16 1.4->1.9 1.17->1.22 1.4->1.8 1.3->1.18 1.1->1.4 1.4->1.7 1.3->1.17 1.18->1.21 1.1->1.2 1.17->1.24 1.3->1.6 1.3->1.26 1.4->1.6 1.17->1.23 1.1->1.3]
Actions returned by the oracle:
  FINISH: Root has no child at parse end
2019-06-04 01:22:16 passage 669002: No valid action available
Oracle found no valid action
stack: [                    ]
buffer: []
nodes left: [1.36 1.2 1.13]
edges left: [1.20->1.29 1.36->1.39 1.2->1.5 1.2->1.40 1.13->1.16 1.7->1.13 1.4->1.34 1.7->1.9 1.2->1.6 1.13->1.12 1.2->1.4 1.18->1.12 1.36->1.38 1.4->1.36 1.13->1.18 1.13->1.17 1.1->1.2 1.13->1.15 1.2->1.7]
Actions returned by the oracle:
  FINISH: Root has no child at parse end
2019-06-04 01:41:23 passage 647003: No valid action available
Oracle found no valid action
stack: [                    ]
buffer: []
nodes left: [1.17 1.4 1.3]
edges left: [1.1->1.3 1.4->1.7 1.17->1.23 1.3->1.26 1.1->1.4 1.3->1.18 1.3->1.17 1.4->1.8 1.17->1.22 1.1->1.2 1.3->1.6 1.18->1.21 1.4->1.6 1.3->1.16 1.17->1.24 1.4->1.9]
Actions returned by the oracle:
  FINISH: Root has no child at parse end
2019-06-04 01:43:12 passage 669002: No valid action available
Oracle found no valid action
stack: [                    ]
buffer: []
nodes left: [1.36 1.2 1.13]
edges left: [1.2->1.5 1.2->1.4 1.2->1.6 1.4->1.36 1.18->1.12 1.2->1.40 1.13->1.16 1.2->1.7 1.7->1.9 1.13->1.15 1.36->1.38 1.1->1.2 1.4->1.34 1.36->1.39 1.13->1.18 1.7->1.13 1.20->1.29 1.13->1.17 1.13->1.12]
Actions returned by the oracle:
  FINISH: Root has no child at parse end
2019-06-04 02:02:42 passage 647003: No valid action available
Oracle found no valid action
stack: [                    ]
buffer: []
nodes left: [1.17 1.4 1.3]
edges left: [1.4->1.7 1.3->1.17 1.17->1.24 1.3->1.18 1.1->1.2 1.1->1.3 1.17->1.22 1.17->1.23 1.3->1.16 1.18->1.21 1.4->1.8 1.1->1.4 1.3->1.26 1.4->1.9 1.3->1.6 1.4->1.6]
Actions returned by the oracle:
  FINISH: Root has no child at parse end
2019-06-04 02:04:31 passage 669002: No valid action available
Oracle found no valid action
stack: [                    ]
buffer: []
nodes left: [1.36 1.2 1.13]
edges left: [1.7->1.13 1.2->1.40 1.13->1.17 1.13->1.16 1.7->1.9 1.4->1.36 1.13->1.15 1.20->1.29 1.2->1.5 1.13->1.12 1.2->1.4 1.36->1.39 1.2->1.7 1.36->1.38 1.13->1.18 1.1->1.2 1.2->1.6 1.18->1.12 1.4->1.34]
Actions returned by the oracle:
  FINISH: Root has no child at parse end
2019-06-04 02:24:17 passage 647003: No valid action available
Oracle found no valid action
stack: [                    ]
buffer: []
nodes left: [1.17 1.4 1.3]
edges left: [1.1->1.2 1.17->1.22 1.4->1.7 1.18->1.21 1.3->1.26 1.3->1.17 1.17->1.24 1.1->1.3 1.17->1.23 1.3->1.6 1.3->1.16 1.4->1.9 1.1->1.4 1.3->1.18 1.4->1.8 1.4->1.6]
Actions returned by the oracle:
  FINISH: Root has no child at parse end
2019-06-04 02:26:07 passage 669002: No valid action available
Oracle found no valid action
stack: [                    ]
buffer: []
nodes left: [1.36 1.2 1.13]
edges left: [1.4->1.34 1.13->1.15 1.13->1.17 1.1->1.2 1.20->1.29 1.2->1.5 1.2->1.6 1.2->1.40 1.36->1.39 1.36->1.38 1.2->1.7 1.7->1.13 1.13->1.18 1.2->1.4 1.13->1.16 1.4->1.36 1.13->1.12 1.7->1.9 1.18->1.12]
Actions returned by the oracle:
  FINISH: Root has no child at parse end
2019-06-04 02:46:05 passage 647003: No valid action available
Oracle found no valid action
stack: [                    ]
buffer: []
nodes left: [1.17 1.4 1.3]
edges left: [1.17->1.23 1.3->1.26 1.3->1.16 1.3->1.6 1.4->1.8 1.3->1.18 1.1->1.2 1.4->1.6 1.3->1.17 1.18->1.21 1.1->1.3 1.17->1.22 1.4->1.9 1.1->1.4 1.4->1.7 1.17->1.24]
Actions returned by the oracle:
  FINISH: Root has no child at parse end
2019-06-04 02:47:52 passage 669002: No valid action available
Oracle found no valid action
stack: [                    ]
buffer: []
nodes left: [1.36 1.2 1.13]
edges left: [1.36->1.39 1.4->1.36 1.2->1.6 1.2->1.7 1.13->1.12 1.2->1.5 1.13->1.16 1.18->1.12 1.7->1.13 1.20->1.29 1.4->1.34 1.13->1.15 1.2->1.4 1.2->1.40 1.36->1.38 1.1->1.2 1.13->1.18 1.7->1.9 1.13->1.17]
Actions returned by the oracle:
  FINISH: Root has no child at parse end
2019-06-04 03:07:31 passage 647003: No valid action available
Oracle found no valid action
stack: [                    ]
buffer: []
nodes left: [1.17 1.4 1.3]
edges left: [1.3->1.26 1.1->1.4 1.3->1.18 1.4->1.7 1.1->1.2 1.17->1.24 1.4->1.6 1.17->1.23 1.4->1.9 1.3->1.17 1.17->1.22 1.1->1.3 1.4->1.8 1.3->1.6 1.18->1.21 1.3->1.16]
Actions returned by the oracle:
  FINISH: Root has no child at parse end
2019-06-04 03:09:18 passage 669002: No valid action available
Oracle found no valid action
stack: [                    ]
buffer: []
nodes left: [1.36 1.2 1.13]
edges left: [1.13->1.18 1.2->1.40 1.36->1.39 1.7->1.9 1.18->1.12 1.2->1.6 1.2->1.5 1.13->1.12 1.36->1.38 1.20->1.29 1.2->1.7 1.13->1.16 1.7->1.13 1.2->1.4 1.1->1.2 1.4->1.34 1.13->1.17 1.13->1.15 1.4->1.36]
Actions returned by the oracle:
  FINISH: Root has no child at parse end
2019-06-04 03:28:55 passage 647003: No valid action available
Oracle found no valid action
stack: [                    ]
buffer: []
nodes left: [1.17 1.4 1.3]
edges left: [1.1->1.4 1.17->1.22 1.3->1.6 1.17->1.23 1.18->1.21 1.4->1.6 1.3->1.16 1.3->1.18 1.17->1.24 1.3->1.26 1.4->1.7 1.1->1.3 1.4->1.9 1.3->1.17 1.4->1.8 1.1->1.2]
Actions returned by the oracle:
  FINISH: Root has no child at parse end
2019-06-04 03:30:45 passage 669002: No valid action available
Oracle found no valid action
stack: [                    ]
buffer: []
nodes left: [1.36 1.2]
edges left: [1.36->1.38 1.18->1.12 1.2->1.6 1.20->1.29 1.1->1.2 1.2->1.5 1.7->1.13 1.4->1.34 1.2->1.4 1.2->1.7 1.36->1.39 1.7->1.9 1.4->1.36 1.2->1.40]
Actions returned by the oracle:
  FINISH: Root has no child at parse end
2019-06-04 03:51:17 passage 647003: No valid action available
Oracle found no valid action
stack: [                    ]
buffer: []
nodes left: [1.17 1.4 1.3]
edges left: [1.18->1.21 1.4->1.9 1.3->1.26 1.3->1.18 1.4->1.8 1.17->1.22 1.1->1.4 1.3->1.17 1.17->1.24 1.4->1.7 1.3->1.16 1.1->1.3 1.17->1.23 1.4->1.6 1.3->1.6 1.1->1.2]
Actions returned by the oracle:
  FINISH: Root has no child at parse end
2019-06-04 03:53:14 passage 669002: No valid action available
Oracle found no valid action
stack: [                    ]
buffer: []
nodes left: [1.36 1.2]
edges left: [1.4->1.36 1.1->1.2 1.36->1.38 1.2->1.40 1.18->1.12 1.2->1.4 1.20->1.29 1.7->1.13 1.2->1.6 1.7->1.9 1.2->1.5 1.36->1.39 1.2->1.7 1.4->1.34]
Actions returned by the oracle:
  FINISH: Root has no child at parse end
2019-06-04 04:14:43 passage 647003: No valid action available
Oracle found no valid action
stack: [                    ]
buffer: []
nodes left: [1.17 1.4 1.3]
edges left: [1.18->1.21 1.1->1.4 1.3->1.26 1.4->1.9 1.4->1.6 1.4->1.7 1.3->1.16 1.17->1.23 1.3->1.18 1.1->1.3 1.17->1.24 1.3->1.6 1.1->1.2 1.17->1.22 1.3->1.17 1.4->1.8]
Actions returned by the oracle:
  FINISH: Root has no child at parse end
2019-06-04 04:16:28 passage 669002: No valid action available
Oracle found no valid action
stack: [                    ]
buffer: []
nodes left: [1.36 1.2]
edges left: [1.4->1.34 1.2->1.5 1.2->1.6 1.2->1.40 1.1->1.2 1.36->1.39 1.7->1.9 1.2->1.7 1.2->1.4 1.36->1.38 1.7->1.13 1.18->1.12 1.20->1.29 1.4->1.36]
Actions returned by the oracle:
  FINISH: Root has no child at parse end
2019-06-04 04:37:35 passage 647003: No valid action available
Oracle found no valid action
stack: [                    ]
buffer: []
nodes left: [1.17 1.4 1.3]
edges left: [1.4->1.6 1.17->1.22 1.18->1.21 1.1->1.4 1.4->1.9 1.4->1.8 1.4->1.7 1.1->1.3 1.3->1.6 1.3->1.16 1.3->1.18 1.3->1.26 1.17->1.23 1.1->1.2 1.17->1.24 1.3->1.17]
Actions returned by the oracle:
  FINISH: Root has no child at parse end
2019-06-04 04:39:24 passage 669002: No valid action available
Oracle found no valid action
stack: [                    ]
buffer: []
nodes left: [1.36 1.2]
edges left: [1.7->1.9 1.2->1.40 1.2->1.4 1.2->1.7 1.2->1.6 1.36->1.39 1.18->1.12 1.20->1.29 1.36->1.38 1.4->1.34 1.7->1.13 1.2->1.5 1.1->1.2 1.4->1.36]
Actions returned by the oracle:
  FINISH: Root has no child at parse end
2019-06-04 04:59:51 passage 647003: No valid action available
Oracle found no valid action
stack: [                    ]
buffer: []
nodes left: [1.17 1.4 1.3]
edges left: [1.3->1.6 1.17->1.24 1.17->1.23 1.3->1.17 1.4->1.6 1.3->1.16 1.1->1.4 1.3->1.26 1.4->1.7 1.17->1.22 1.18->1.21 1.1->1.2 1.4->1.8 1.1->1.3 1.4->1.9 1.3->1.18]
Actions returned by the oracle:
  FINISH: Root has no child at parse end
2019-06-04 05:01:41 passage 669002: No valid action available
Oracle found no valid action
stack: [                    ]
buffer: []
nodes left: [1.36 1.2]
edges left: [1.2->1.40 1.2->1.6 1.2->1.5 1.1->1.2 1.7->1.13 1.4->1.36 1.18->1.12 1.7->1.9 1.36->1.38 1.4->1.34 1.36->1.39 1.2->1.7 1.20->1.29 1.2->1.4]
Actions returned by the oracle:
  FINISH: Root has no child at parse end
2019-06-04 05:22:57 passage 647003: No valid action available
Oracle found no valid action
stack: [                    ]
buffer: []
nodes left: [1.17 1.4 1.3]
edges left: [1.3->1.18 1.4->1.8 1.17->1.24 1.3->1.16 1.3->1.26 1.17->1.22 1.17->1.23 1.3->1.17 1.4->1.9 1.3->1.6 1.1->1.3 1.4->1.6 1.1->1.2 1.18->1.21 1.4->1.7 1.1->1.4]
Actions returned by the oracle:
  FINISH: Root has no child at parse end
2019-06-04 05:24:46 passage 669002: No valid action available
Oracle found no valid action
stack: [                    ]
buffer: []
nodes left: [1.36 1.2]
edges left: [1.4->1.34 1.4->1.36 1.20->1.29 1.36->1.38 1.2->1.7 1.7->1.13 1.7->1.9 1.36->1.39 1.2->1.6 1.1->1.2 1.2->1.40 1.2->1.4 1.18->1.12 1.2->1.5]
Actions returned by the oracle:
  FINISH: Root has no child at parse end
2019-06-04 05:45:36 passage 647003: No valid action available
Oracle found no valid action
stack: [                    ]
buffer: []
nodes left: [1.17 1.4 1.3]
edges left: [1.4->1.6 1.17->1.23 1.1->1.4 1.3->1.16 1.1->1.2 1.3->1.17 1.18->1.21 1.1->1.3 1.3->1.26 1.3->1.6 1.3->1.18 1.4->1.8 1.17->1.24 1.17->1.22 1.4->1.9 1.4->1.7]
Actions returned by the oracle:
  FINISH: Root has no child at parse end
2019-06-04 05:47:25 passage 669002: No valid action available
Oracle found no valid action
stack: [                    ]
buffer: []
nodes left: [1.36 1.2]
edges left: [1.36->1.39 1.2->1.40 1.7->1.9 1.4->1.34 1.2->1.6 1.2->1.7 1.7->1.13 1.4->1.36 1.36->1.38 1.2->1.4 1.1->1.2 1.2->1.5 1.20->1.29 1.18->1.12]
Actions returned by the oracle:
  FINISH: Root has no child at parse end
2019-06-04 06:09:53 passage 647003: No valid action available
Oracle found no valid action
stack: [                    ]
buffer: []
nodes left: [1.17 1.4 1.3]
edges left: [1.1->1.3 1.17->1.23 1.1->1.4 1.1->1.2 1.4->1.6 1.4->1.7 1.3->1.6 1.3->1.26 1.3->1.16 1.17->1.24 1.17->1.22 1.3->1.18 1.3->1.17 1.4->1.9 1.4->1.8 1.18->1.21]
Actions returned by the oracle:
  FINISH: Root has no child at parse end
2019-06-04 06:11:51 passage 669002: No valid action available
Oracle found no valid action
stack: [                    ]
buffer: []
nodes left: [1.36 1.2]
edges left: [1.2->1.4 1.2->1.7 1.36->1.39 1.1->1.2 1.7->1.9 1.18->1.12 1.4->1.34 1.2->1.5 1.36->1.38 1.4->1.36 1.7->1.13 1.2->1.6 1.20->1.29 1.2->1.40]
Actions returned by the oracle:
  FINISH: Root has no child at parse end
2019-06-04 06:32:59 passage 647003: No valid action available
Oracle found no valid action
stack: [                    ]
buffer: []
nodes left: [1.17 1.3]
edges left: [1.4->1.8 1.3->1.6 1.17->1.24 1.9->1.27 1.1->1.4 1.4->1.7 1.18->1.21 1.4->1.6 1.3->1.17 1.1->1.2 1.1->1.3 1.3->1.26 1.17->1.23 1.3->1.18 1.3->1.16 1.17->1.22]
Actions returned by the oracle:
  FINISH: Root has no child at parse end
2019-06-04 06:34:49 passage 669002: No valid action available
Oracle found no valid action
stack: [                    ]
buffer: []
nodes left: [1.36 1.2]
edges left: [1.2->1.5 1.2->1.7 1.2->1.40 1.4->1.36 1.7->1.9 1.36->1.39 1.7->1.13 1.18->1.12 1.2->1.4 1.1->1.2 1.2->1.6 1.36->1.38 1.4->1.34 1.20->1.29]
Actions returned by the oracle:
  FINISH: Root has no child at parse end
2019-06-04 06:55:44 passage 647003: No valid action available
Oracle found no valid action
stack: [                    ]
buffer: []
nodes left: [1.17 1.3]
edges left: [1.4->1.7 1.3->1.17 1.1->1.4 1.4->1.6 1.1->1.2 1.17->1.23 1.3->1.16 1.3->1.6 1.17->1.22 1.9->1.27 1.1->1.3 1.3->1.26 1.3->1.18 1.17->1.24 1.4->1.8 1.18->1.21]
Actions returned by the oracle:
  FINISH: Root has no child at parse end
2019-06-04 06:57:30 passage 669002: No valid action available
Oracle found no valid action
stack: [                    ]
buffer: []
nodes left: [1.36 1.2]
edges left: [1.7->1.9 1.4->1.34 1.18->1.12 1.7->1.13 1.2->1.7 1.2->1.6 1.20->1.29 1.2->1.4 1.4->1.36 1.2->1.5 1.36->1.39 1.2->1.40 1.1->1.2 1.36->1.38]
Actions returned by the oracle:
  FINISH: Root has no child at parse end
2019-06-04 07:20:45 passage 647003: No valid action available
Oracle found no valid action
stack: [                    ]
buffer: []
nodes left: [1.17 1.3]
edges left: [1.1->1.3 1.17->1.22 1.1->1.2 1.17->1.24 1.4->1.6 1.1->1.4 1.3->1.17 1.18->1.21 1.3->1.16 1.17->1.23 1.3->1.6 1.3->1.18 1.3->1.26]
Actions returned by the oracle:
  FINISH: Root has no child at parse end
2019-06-04 07:22:37 passage 669002: No valid action available
Oracle found no valid action
stack: [                    ]
buffer: []
nodes left: [1.2]
edges left: [1.18->1.12 1.2->1.40 1.2->1.5 1.2->1.6 1.7->1.9 1.20->1.29 1.4->1.37 1.1->1.2 1.2->1.4 1.36->1.38 1.4->1.34 1.2->1.7 1.7->1.13]
Actions returned by the oracle:
  FINISH: Root has no child at parse end
2019-06-04 07:43:38 passage 647003: No valid action available
Oracle found no valid action
stack: [                    ]
buffer: []
nodes left: [1.17 1.3]
edges left: [1.17->1.22 1.3->1.6 1.3->1.17 1.4->1.6 1.18->1.21 1.3->1.18 1.3->1.16 1.1->1.2 1.3->1.26 1.1->1.4 1.1->1.3 1.17->1.24 1.17->1.23]
Actions returned by the oracle:
  FINISH: Root has no child at parse end
2019-06-04 07:45:35 passage 669002: No valid action available
Oracle found no valid action
stack: [                    ]
buffer: []
nodes left: [1.2]
edges left: [1.7->1.9 1.2->1.5 1.1->1.2 1.2->1.7 1.18->1.12 1.36->1.38 1.2->1.40 1.4->1.37 1.20->1.29 1.2->1.4 1.2->1.6 1.7->1.13 1.4->1.34]
Actions returned by the oracle:
  FINISH: Root has no child at parse end
2019-06-04 08:06:26 passage 647003: No valid action available
Oracle found no valid action
stack: [                    ]
buffer: []
nodes left: [1.17 1.3]
edges left: [1.17->1.23 1.18->1.21 1.3->1.16 1.3->1.17 1.3->1.6 1.17->1.22 1.1->1.4 1.1->1.3 1.17->1.24 1.4->1.6 1.3->1.26 1.1->1.2 1.3->1.18]
Actions returned by the oracle:
  FINISH: Root has no child at parse end
2019-06-04 08:08:12 passage 669002: No valid action available
Oracle found no valid action
stack: [                    ]
buffer: []
nodes left: [1.2]
edges left: [1.2->1.5 1.4->1.37 1.1->1.2 1.18->1.12 1.36->1.38 1.2->1.40 1.4->1.34 1.20->1.29 1.7->1.9 1.2->1.4 1.7->1.13 1.2->1.7 1.2->1.6]
Actions returned by the oracle:
  FINISH: Root has no child at parse end
2019-06-04 08:30:01 passage 647003: No valid action available
Oracle found no valid action
stack: [                    ]
buffer: []
nodes left: [1.17 1.3]
edges left: [1.3->1.16 1.17->1.23 1.1->1.4 1.3->1.17 1.3->1.6 1.17->1.22 1.3->1.26 1.1->1.2 1.17->1.24 1.1->1.3 1.3->1.18 1.18->1.21 1.4->1.6]
Actions returned by the oracle:
  FINISH: Root has no child at parse end
2019-06-04 08:32:03 passage 669002: No valid action available
Oracle found no valid action
stack: [                    ]
buffer: []
nodes left: [1.2]
edges left: [1.4->1.37 1.18->1.12 1.20->1.29 1.7->1.13 1.2->1.6 1.1->1.2 1.2->1.5 1.4->1.34 1.7->1.9 1.2->1.40 1.36->1.38 1.2->1.7 1.2->1.4]
Actions returned by the oracle:
  FINISH: Root has no child at parse end
2019-06-04 08:54:37 passage 647003: No valid action available
Oracle found no valid action
stack: [                    ]
buffer: []
nodes left: [1.17 1.3]
edges left: [1.17->1.23 1.3->1.6 1.1->1.2 1.3->1.26 1.4->1.6 1.3->1.17 1.18->1.21 1.3->1.16 1.17->1.22 1.3->1.18 1.1->1.3 1.17->1.24 1.1->1.4]
Actions returned by the oracle:
  FINISH: Root has no child at parse end
2019-06-04 08:56:27 passage 669002: No valid action available
Oracle found no valid action
stack: [                    ]
buffer: []
nodes left: [1.2]
edges left: [1.20->1.29 1.2->1.40 1.36->1.38 1.1->1.2 1.18->1.12 1.4->1.34 1.7->1.9 1.2->1.7 1.4->1.37 1.2->1.4 1.2->1.6 1.7->1.13 1.2->1.5]
Actions returned by the oracle:
  FINISH: Root has no child at parse end
2019-06-04 09:17:10 passage 647003: No valid action available
Oracle found no valid action
stack: [                    ]
buffer: []
nodes left: [1.17 1.3]
edges left: [1.17->1.24 1.1->1.4 1.3->1.18 1.3->1.16 1.3->1.26 1.18->1.21 1.3->1.17 1.17->1.23 1.1->1.3 1.3->1.6 1.17->1.22 1.1->1.2 1.4->1.6]
Actions returned by the oracle:
  FINISH: Root has no child at parse end
2019-06-04 09:19:01 passage 669002: No valid action available
Oracle found no valid action
stack: [                    ]
buffer: []
nodes left: [1.2]
edges left: [1.2->1.6 1.7->1.13 1.36->1.38 1.2->1.40 1.2->1.4 1.4->1.34 1.1->1.2 1.2->1.7 1.18->1.12 1.2->1.5 1.4->1.37 1.20->1.29 1.7->1.9]
Actions returned by the oracle:
  FINISH: Root has no child at parse end
2019-06-04 09:40:12 passage 647003: No valid action available
Oracle found no valid action
stack: [                    ]
buffer: []
nodes left: [1.17 1.3]
edges left: [1.3->1.16 1.1->1.4 1.1->1.3 1.18->1.21 1.3->1.17 1.3->1.6 1.17->1.22 1.3->1.18 1.17->1.23 1.1->1.2 1.17->1.24 1.4->1.6 1.3->1.26]
Actions returned by the oracle:
  FINISH: Root has no child at parse end
2019-06-04 09:42:11 passage 669002: No valid action available
Oracle found no valid action
stack: [                    ]
buffer: []
nodes left: [1.2]
edges left: [1.20->1.29 1.2->1.4 1.18->1.12 1.4->1.34 1.2->1.7 1.2->1.5 1.2->1.40 1.4->1.37 1.36->1.38 1.7->1.9 1.2->1.6 1.7->1.13 1.1->1.2]
Actions returned by the oracle:
  FINISH: Root has no child at parse end
2019-06-04 10:03:55 passage 647003: No valid action available
Oracle found no valid action
stack: [                    ]
buffer: []
nodes left: [1.17 1.3]
edges left: [1.3->1.18 1.3->1.17 1.3->1.6 1.17->1.23 1.3->1.16 1.1->1.3 1.17->1.24 1.17->1.22 1.18->1.21 1.4->1.6 1.1->1.2 1.1->1.4 1.3->1.26]
Actions returned by the oracle:
  FINISH: Root has no child at parse end
2019-06-04 10:05:43 passage 669002: No valid action available
Oracle found no valid action
stack: [                    ]
buffer: []
nodes left: [1.2]
edges left: [1.2->1.40 1.4->1.34 1.2->1.6 1.4->1.37 1.36->1.38 1.2->1.5 1.7->1.13 1.20->1.29 1.1->1.2 1.18->1.12 1.2->1.7 1.7->1.9 1.2->1.4]
Actions returned by the oracle:
  FINISH: Root has no child at parse end
2019-06-04 10:28:56 passage 647003: No valid action available
Oracle found no valid action
stack: [                    ]
buffer: []
nodes left: [1.17 1.3]
edges left: [1.17->1.23 1.1->1.4 1.18->1.21 1.1->1.3 1.17->1.24 1.3->1.18 1.3->1.17 1.3->1.16 1.17->1.22 1.3->1.26 1.4->1.6 1.3->1.6 1.1->1.2]
Actions returned by the oracle:
  FINISH: Root has no child at parse end
2019-06-04 10:30:55 passage 669002: No valid action available
Oracle found no valid action
stack: [                    ]
buffer: []
nodes left: [1.2]
edges left: [1.1->1.2 1.2->1.5 1.2->1.7 1.4->1.37 1.4->1.34 1.7->1.13 1.2->1.4 1.7->1.9 1.2->1.40 1.18->1.12 1.20->1.29 1.36->1.38 1.2->1.6]
Actions returned by the oracle:
  FINISH: Root has no child at parse end
2019-06-04 10:53:00 passage 647003: No valid action available
Oracle found no valid action
stack: [                    ]
buffer: []
nodes left: [1.17 1.3]
edges left: [1.18->1.21 1.3->1.18 1.3->1.26 1.3->1.6 1.1->1.4 1.1->1.3 1.1->1.2 1.3->1.16 1.17->1.24 1.4->1.6 1.17->1.22 1.3->1.17 1.17->1.23]
Actions returned by the oracle:
  FINISH: Root has no child at parse end
2019-06-04 10:53:02 passage 647011: No valid action available
Oracle found no valid action
stack: [                    ]
buffer: []
nodes left: [1.18 1.12 1.3]
edges left: [1.12->1.14 1.18->1.21 1.3->1.25 1.3->1.31 1.9->1.18 1.12->1.13 1.12->1.15 1.12->1.32 1.3->1.6 1.18->1.20 1.1->1.2 1.1->1.4 1.10->1.12 1.1->1.3 1.3->1.26]
Actions returned by the oracle:
  FINISH: Root has no child at parse end
2019-06-04 10:54:53 passage 669002: No valid action available
Oracle found no valid action
stack: [                    ]
buffer: []
nodes left: [1.2]
edges left: [1.2->1.4 1.7->1.13 1.7->1.9 1.2->1.7 1.2->1.40 1.4->1.37 1.1->1.2 1.2->1.6 1.18->1.12 1.36->1.38 1.4->1.34 1.2->1.5 1.20->1.29]
Actions returned by the oracle:
  FINISH: Root has no child at parse end
2019-06-04 11:18:20 passage 647003: No valid action available
Oracle found no valid action
stack: [                    ]
buffer: []
nodes left: [1.17 1.3]
edges left: [1.17->1.22 1.1->1.2 1.4->1.6 1.17->1.23 1.1->1.3 1.3->1.26 1.3->1.16 1.1->1.4 1.18->1.21 1.3->1.6 1.3->1.17 1.3->1.18 1.17->1.24]
Actions returned by the oracle:
  FINISH: Root has no child at parse end
2019-06-04 11:18:22 passage 647011: No valid action available
Oracle found no valid action
stack: [                    ]
buffer: []
nodes left: [1.18 1.12 1.3]
edges left: [1.3->1.25 1.3->1.26 1.1->1.3 1.9->1.18 1.1->1.2 1.12->1.32 1.10->1.12 1.3->1.6 1.12->1.15 1.18->1.20 1.1->1.4 1.18->1.21 1.12->1.13 1.3->1.31 1.12->1.14]
Actions returned by the oracle:
  FINISH: Root has no child at parse end
2019-06-04 11:20:13 passage 669002: No valid action available
Oracle found no valid action
stack: [                    ]
buffer: []
nodes left: [1.2]
edges left: [1.2->1.4 1.2->1.7 1.2->1.40 1.1->1.2 1.2->1.5 1.18->1.12 1.7->1.9 1.2->1.6 1.36->1.38 1.4->1.34 1.20->1.29 1.4->1.37 1.7->1.13]
Actions returned by the oracle:
  FINISH: Root has no child at parse end
2019-06-04 11:41:49 passage 647003: No valid action available
Oracle found no valid action
stack: [                    ]
buffer: []
nodes left: [1.17 1.3]
edges left: [1.3->1.18 1.3->1.17 1.1->1.3 1.17->1.24 1.17->1.22 1.3->1.6 1.4->1.6 1.1->1.2 1.3->1.16 1.17->1.23 1.18->1.21 1.3->1.26 1.1->1.4]
Actions returned by the oracle:
  FINISH: Root has no child at parse end
2019-06-04 11:41:51 passage 647011: No valid action available
Oracle found no valid action
stack: [                    ]
buffer: []
nodes left: [1.18 1.12 1.3]
edges left: [1.12->1.14 1.12->1.15 1.1->1.2 1.18->1.20 1.9->1.18 1.3->1.25 1.12->1.32 1.10->1.12 1.1->1.4 1.12->1.13 1.18->1.21 1.3->1.31 1.3->1.6 1.1->1.3 1.3->1.26]
Actions returned by the oracle:
  FINISH: Root has no child at parse end
2019-06-04 11:43:42 passage 669002: No valid action available
Oracle found no valid action
stack: [                    ]
buffer: []
nodes left: [1.2]
edges left: [1.4->1.34 1.2->1.4 1.2->1.40 1.2->1.7 1.2->1.6 1.2->1.5 1.7->1.9 1.36->1.38 1.1->1.2 1.20->1.29 1.18->1.12 1.7->1.13 1.4->1.37]
Actions returned by the oracle:
  FINISH: Root has no child at parse end
2019-06-04 12:05:46 passage 647003: No valid action available
Oracle found no valid action
stack: [                    ]
buffer: []
nodes left: [1.17 1.3]
edges left: [1.1->1.2 1.18->1.21 1.3->1.17 1.17->1.24 1.3->1.6 1.3->1.26 1.17->1.23 1.1->1.3 1.3->1.16 1.17->1.22 1.1->1.4 1.3->1.18 1.4->1.6]
Actions returned by the oracle:
  FINISH: Root has no child at parse end
2019-06-04 12:05:49 passage 647011: No valid action available
Oracle found no valid action
stack: [                    ]
buffer: []
nodes left: [1.18 1.12 1.3]
edges left: [1.12->1.13 1.10->1.12 1.1->1.4 1.3->1.25 1.1->1.2 1.12->1.15 1.18->1.20 1.3->1.31 1.3->1.26 1.18->1.21 1.9->1.18 1.3->1.6 1.12->1.14 1.1->1.3 1.12->1.32]
Actions returned by the oracle:
  FINISH: Root has no child at parse end
2019-06-04 12:07:57 passage 669002: No valid action available
Oracle found no valid action
stack: [                    ]
buffer: []
nodes left: [1.2]
edges left: [1.20->1.29 1.7->1.13 1.2->1.6 1.2->1.5 1.18->1.12 1.1->1.2 1.2->1.7 1.36->1.38 1.7->1.9 1.2->1.4 1.4->1.34 1.4->1.37 1.2->1.40]
Actions returned by the oracle:
  FINISH: Root has no child at parse end
2019-06-04 12:30:20 passage 647003: No valid action available
Oracle found no valid action
stack: [                    ]
buffer: []
nodes left: [1.17 1.3]
edges left: [1.3->1.18 1.1->1.4 1.4->1.6 1.3->1.6 1.3->1.26 1.3->1.16 1.1->1.3 1.1->1.2 1.18->1.21 1.3->1.17 1.17->1.24 1.17->1.22 1.17->1.23]
Actions returned by the oracle:
  FINISH: Root has no child at parse end
2019-06-04 12:30:22 passage 647011: No valid action available
Oracle found no valid action
stack: [                    ]
buffer: []
nodes left: [1.18 1.12 1.3]
edges left: [1.12->1.15 1.3->1.31 1.12->1.14 1.9->1.18 1.12->1.32 1.18->1.21 1.12->1.13 1.3->1.6 1.1->1.3 1.3->1.26 1.1->1.4 1.18->1.20 1.3->1.25 1.10->1.12 1.1->1.2]
Actions returned by the oracle:
  FINISH: Root has no child at parse end
2019-06-04 12:32:13 passage 669002: No valid action available
Oracle found no valid action
stack: [                    ]
buffer: []
nodes left: [1.2]
edges left: [1.2->1.4 1.18->1.12 1.2->1.5 1.4->1.34 1.2->1.7 1.7->1.13 1.20->1.29 1.2->1.6 1.1->1.2 1.7->1.9 1.2->1.40 1.4->1.37 1.36->1.38]
Actions returned by the oracle:
  FINISH: Root has no child at parse end
2019-06-04 12:54:35 passage 647003: No valid action available
Oracle found no valid action
stack: [                    ]
buffer: []
nodes left: [1.17 1.3]
edges left: [1.1->1.2 1.17->1.23 1.4->1.6 1.18->1.21 1.17->1.22 1.1->1.4 1.1->1.3 1.17->1.24 1.3->1.26 1.3->1.16 1.3->1.18 1.3->1.17 1.3->1.6]
Actions returned by the oracle:
  FINISH: Root has no child at parse end
2019-06-04 12:54:37 passage 647011: No valid action available
Oracle found no valid action
stack: [                    ]
buffer: []
nodes left: [1.18 1.12 1.3]
edges left: [1.3->1.26 1.3->1.6 1.9->1.18 1.1->1.2 1.12->1.15 1.3->1.31 1.1->1.3 1.18->1.21 1.12->1.32 1.18->1.20 1.12->1.13 1.1->1.4 1.3->1.25 1.12->1.14 1.10->1.12]
Actions returned by the oracle:
  FINISH: Root has no child at parse end
2019-06-04 12:56:25 passage 669002: No valid action available
Oracle found no valid action
stack: [                    ]
buffer: []
nodes left: [1.2]
edges left: [1.7->1.9 1.20->1.29 1.2->1.40 1.36->1.38 1.2->1.5 1.2->1.4 1.2->1.7 1.4->1.37 1.18->1.12 1.4->1.34 1.7->1.13 1.1->1.2 1.2->1.6]
Actions returned by the oracle:
  FINISH: Root has no child at parse end
2019-06-04 13:17:45 passage 647003: No valid action available
Oracle found no valid action
stack: [                    ]
buffer: []
nodes left: [1.17 1.3]
edges left: [1.1->1.2 1.17->1.23 1.17->1.22 1.3->1.6 1.3->1.17 1.4->1.6 1.3->1.26 1.17->1.24 1.3->1.16 1.1->1.4 1.18->1.21 1.1->1.3 1.3->1.18]
Actions returned by the oracle:
  FINISH: Root has no child at parse end
2019-06-04 13:17:47 passage 647011: No valid action available
Oracle found no valid action
stack: [                    ]
buffer: []
nodes left: [1.18 1.12 1.3]
edges left: [1.9->1.18 1.18->1.20 1.12->1.15 1.3->1.31 1.1->1.2 1.12->1.14 1.1->1.4 1.10->1.12 1.3->1.6 1.1->1.3 1.3->1.25 1.12->1.13 1.3->1.26 1.12->1.32 1.18->1.21]
Actions returned by the oracle:
  FINISH: Root has no child at parse end
2019-06-04 13:19:53 passage 669002: No valid action available
Oracle found no valid action
stack: [                    ]
buffer: []
nodes left: [1.2]
edges left: [1.4->1.34 1.4->1.37 1.1->1.2 1.18->1.12 1.7->1.9 1.20->1.29 1.36->1.38 1.2->1.6 1.2->1.7 1.2->1.40 1.2->1.5 1.2->1.4 1.7->1.13]
Actions returned by the oracle:
  FINISH: Root has no child at parse end
2019-06-04 13:42:46 passage 647003: No valid action available
Oracle found no valid action
stack: [                    ]
buffer: []
nodes left: [1.17 1.3]
edges left: [1.3->1.16 1.1->1.3 1.17->1.22 1.1->1.2 1.17->1.23 1.3->1.17 1.3->1.18 1.3->1.6 1.3->1.26 1.17->1.24 1.4->1.6 1.1->1.4 1.18->1.21]
Actions returned by the oracle:
  FINISH: Root has no child at parse end
2019-06-04 13:42:48 passage 647011: No valid action available
Oracle found no valid action
stack: [                    ]
buffer: []
nodes left: [1.18 1.12 1.3]
edges left: [1.1->1.4 1.18->1.20 1.9->1.18 1.3->1.6 1.12->1.15 1.1->1.2 1.3->1.25 1.18->1.21 1.12->1.13 1.1->1.3 1.12->1.32 1.3->1.26 1.12->1.14 1.3->1.31 1.10->1.12]
Actions returned by the oracle:
  FINISH: Root has no child at parse end
2019-06-04 13:44:36 passage 669002: No valid action available
Oracle found no valid action
stack: [                    ]
buffer: []
nodes left: [1.2]
edges left: [1.1->1.2 1.7->1.13 1.7->1.9 1.2->1.5 1.18->1.12 1.2->1.6 1.2->1.7 1.36->1.38 1.20->1.29 1.4->1.37 1.2->1.40 1.2->1.4 1.4->1.34]
Actions returned by the oracle:
  FINISH: Root has no child at parse end
2019-06-04 14:07:55 passage 647003: No valid action available
Oracle found no valid action
stack: [                    ]
buffer: []
nodes left: [1.17 1.3]
edges left: [1.17->1.24 1.17->1.23 1.17->1.22 1.3->1.6 1.3->1.16 1.3->1.26 1.1->1.4 1.1->1.2 1.3->1.18 1.4->1.6 1.1->1.3 1.3->1.17 1.18->1.21]
Actions returned by the oracle:
  FINISH: Root has no child at parse end
2019-06-04 14:07:57 passage 647011: No valid action available
Oracle found no valid action
stack: [                    ]
buffer: []
nodes left: [1.18 1.12 1.3]
edges left: [1.18->1.21 1.3->1.25 1.12->1.32 1.9->1.18 1.1->1.3 1.1->1.2 1.12->1.15 1.18->1.20 1.3->1.26 1.3->1.31 1.3->1.6 1.1->1.4 1.12->1.13 1.10->1.12 1.12->1.14]
Actions returned by the oracle:
  FINISH: Root has no child at parse end
2019-06-04 14:09:49 passage 669002: No valid action available
Oracle found no valid action
stack: [                    ]
buffer: []
nodes left: [1.2]
edges left: [1.2->1.5 1.2->1.6 1.2->1.40 1.2->1.7 1.36->1.38 1.2->1.4 1.4->1.37 1.20->1.29 1.7->1.9 1.18->1.12 1.1->1.2 1.4->1.34 1.7->1.13]
Actions returned by the oracle:
  FINISH: Root has no child at parse end
2019-06-04 14:10:00 passage 670014: No valid action available
Oracle found no valid action
stack: [                    ]
buffer: []
nodes left: [1.20 1.17 1.9 1.48 1.7]
edges left: [1.17->1.30 1.4->1.48 1.7->1.54 1.34->0.14 1.9->1.34 1.19->1.29 1.34->0.13 1.4->1.49 1.9->1.33 1.20->1.22 1.40->0.20 1.7->1.9 1.11->1.34 1.14->1.20 1.14->1.19 1.17->1.31 1.34->0.12 1.1->1.2 1.20->1.23 1.9->1.35 1.20->1.57 1.20->1.21 1.9->1.36 1.14->1.17 1.17->1.55 1.11->1.13 1.2->1.5 1.7->1.10 1.14->1.18 1.4->1.47 1.19->1.28 1.2->1.7 1.7->1.11 1.9->1.37 1.48->1.51 1.9->1.38 1.48->1.50]
Actions returned by the oracle:
  FINISH: Root has no child at parse end
2019-06-04 14:32:03 passage 647003: No valid action available
Oracle found no valid action
stack: [                    ]
buffer: []
nodes left: [1.17 1.3]
edges left: [1.1->1.2 1.17->1.24 1.3->1.18 1.3->1.6 1.1->1.4 1.4->1.6 1.3->1.17 1.18->1.21 1.17->1.23 1.3->1.26 1.3->1.16 1.1->1.3 1.17->1.22]
Actions returned by the oracle:
  FINISH: Root has no child at parse end
2019-06-04 14:32:05 passage 647011: No valid action available
Oracle found no valid action
stack: [                    ]
buffer: []
nodes left: [1.18 1.12 1.3]
edges left: [1.3->1.31 1.1->1.2 1.1->1.3 1.3->1.26 1.9->1.18 1.3->1.25 1.12->1.14 1.12->1.15 1.10->1.12 1.18->1.20 1.3->1.6 1.18->1.21 1.1->1.4 1.12->1.13 1.12->1.32]
Actions returned by the oracle:
  FINISH: Root has no child at parse end
2019-06-28 07:18:36 passage 704010: No valid action available

2019-06-28 07:20:13 passage 705003: No valid action available

2019-06-28 07:24:37 passage 706006: No valid action available

