2019-06-03 16:53:13 passage 639014: No valid action available
Oracle found no valid action
stack: [                    ]
buffer: []
nodes left: [1.8]
edges left: [1.6->1.8 1.1->1.2 1.8->1.10 1.8->1.12 1.8->1.9 1.8->1.11 1.12->1.22 1.12->1.21]
Actions returned by the oracle:
  FINISH: Root has no child at parse end
2019-06-03 19:15:00 passage 651006: No valid action available
Oracle found no valid action
stack: [                    ]
buffer: []
nodes left: [1.48 1.2 1.38 1.8 1.3]
edges left: [1.2->1.34 1.3->1.8 1.38->1.47 1.1->1.57 1.36->1.40 1.48->1.50 1.1->1.3 1.38->1.48 1.2->1.36 1.2->1.35 1.48->1.49 1.36->1.38 1.36->1.42 1.3->1.6 1.30->0.26 1.3->1.9 1.6->1.32 1.3->1.7 1.9->1.14 1.26->1.29 1.6->1.33 1.14->1.20 1.9->1.11 1.9->1.12 1.9->1.13 1.8->1.26 1.14->1.60 1.1->1.2 1.26->1.30 1.8->1.27]
Actions returned by the oracle:
  FINISH: Root has no child at parse end
2019-06-03 19:15:05 passage 652017: No valid action available
Oracle found no valid action
stack: [                    ]
buffer: []
nodes left: [1.16 1.19]
edges left: [1.19->0.9 1.13->1.16 1.13->1.17 1.1->1.2 1.2->1.5 1.16->1.20 1.16->1.19 1.16->1.18 1.2->1.4 1.13->1.15]
Actions returned by the oracle:
  FINISH: Root has no child at parse end
2019-06-03 20:03:05 passage 645008: No valid action available
Oracle found no valid action
stack: [                    ]
buffer: []
nodes left: [1.2]
edges left: [1.1->1.2 1.2->1.6 1.8->1.15 1.6->1.8 1.2->1.5 1.4->1.14 1.2->1.4]
Actions returned by the oracle:
  FINISH: Root has no child at parse end
2019-06-03 20:27:56 passage 645008: No valid action available
Oracle found no valid action
stack: [                    ]
buffer: []
nodes left: [1.2]
edges left: [1.2->1.4 1.6->1.8 1.8->1.15 1.1->1.2 1.4->1.14 1.2->1.6 1.2->1.5]
Actions returned by the oracle:
  FINISH: Root has no child at parse end
2019-06-03 22:44:14 passage 651006: No valid action available
Oracle found no valid action
stack: [                    ]
buffer: []
nodes left: [1.48 1.2 1.8 1.38 1.3]
edges left: [1.3->1.6 1.36->1.42 1.38->1.48 1.48->1.49 1.48->1.50 1.2->1.34 1.36->1.40 1.38->1.47 1.2->1.36 1.2->1.35 1.26->1.30 1.3->1.8 1.26->1.29 1.1->1.3 1.1->1.57 1.30->0.26 1.3->1.7 1.36->1.38 1.3->1.9 1.14->1.60 1.8->1.26 1.9->1.13 1.14->1.20 1.8->1.27 1.1->1.2 1.9->1.12 1.6->1.33 1.9->1.11 1.6->1.32 1.9->1.14]
Actions returned by the oracle:
  FINISH: Root has no child at parse end
2019-06-03 22:44:18 passage 652017: No valid action available
Oracle found no valid action
stack: [                    ]
buffer: []
nodes left: [1.16 1.19]
edges left: [1.2->1.5 1.16->1.18 1.2->1.4 1.13->1.15 1.16->1.19 1.13->1.16 1.1->1.2 1.19->0.9 1.16->1.20 1.13->1.17]
Actions returned by the oracle:
  FINISH: Root has no child at parse end
2019-06-03 23:29:41 passage 645008: No valid action available
Oracle found no valid action
stack: [                    ]
buffer: []
nodes left: [1.2]
edges left: [1.2->1.6 1.6->1.8 1.4->1.14 1.2->1.4 1.1->1.2 1.2->1.5 1.8->1.15]
Actions returned by the oracle:
  FINISH: Root has no child at parse end
2019-06-03 23:52:08 passage 645008: No valid action available
Oracle found no valid action
stack: [                    ]
buffer: []
nodes left: [1.2]
edges left: [1.2->1.6 1.1->1.2 1.8->1.15 1.2->1.4 1.6->1.8 1.4->1.14 1.2->1.5]
Actions returned by the oracle:
  FINISH: Root has no child at parse end
2019-06-04 00:15:05 passage 645008: No valid action available
Oracle found no valid action
stack: [                    ]
buffer: []
nodes left: [1.2]
edges left: [1.8->1.15 1.2->1.5 1.6->1.8 1.2->1.6 1.4->1.14 1.1->1.2 1.2->1.4]
Actions returned by the oracle:
  FINISH: Root has no child at parse end
2019-06-04 00:40:05 passage 645008: No valid action available
Oracle found no valid action
stack: [                    ]
buffer: []
nodes left: [1.2]
edges left: [1.1->1.2 1.2->1.5 1.2->1.4 1.8->1.15 1.2->1.6 1.6->1.8 1.4->1.14]
Actions returned by the oracle:
  FINISH: Root has no child at parse end
2019-06-04 01:03:46 passage 645008: No valid action available
Oracle found no valid action
stack: [                    ]
buffer: []
nodes left: [1.2]
edges left: [1.2->1.6 1.8->1.15 1.2->1.4 1.4->1.14 1.6->1.8 1.2->1.5 1.1->1.2]
Actions returned by the oracle:
  FINISH: Root has no child at parse end
2019-06-04 01:27:49 passage 645008: No valid action available
Oracle found no valid action
stack: [                    ]
buffer: []
nodes left: [1.2]
edges left: [1.6->1.8 1.2->1.6 1.2->1.4 1.1->1.2 1.4->1.14 1.8->1.15 1.2->1.5]
Actions returned by the oracle:
  FINISH: Root has no child at parse end
2019-06-04 01:51:46 passage 645008: No valid action available
Oracle found no valid action
stack: [                    ]
buffer: []
nodes left: [1.2]
edges left: [1.6->1.8 1.2->1.4 1.1->1.2 1.2->1.6 1.4->1.14 1.8->1.15 1.2->1.5]
Actions returned by the oracle:
  FINISH: Root has no child at parse end
2019-06-04 01:54:24 passage 672009: No valid action available
Oracle found no valid action
stack: [                    ]
buffer: []
nodes left: [1.4 1.6 1.2 1.10 1.46 1.44]
edges left: [1.6->1.12 1.6->1.13 1.46->1.47 1.6->1.10 1.4->1.38 1.46->1.50 1.46->1.48 1.4->1.36 1.4->1.48 1.2->1.46 1.44->1.53 1.1->1.2 1.2->1.44 1.46->1.49 1.10->1.31 1.44->1.52 1.6->1.11 1.10->1.32 1.46->1.51 1.19->1.22 1.4->1.37 1.22->1.28 1.1->1.56 1.19->1.21 1.2->1.45 1.1->1.4 1.1->1.6 1.1->1.57 1.19->1.23 1.1->1.3 1.1->1.5]
Actions returned by the oracle:
  FINISH: Root has no child at parse end
2019-06-04 02:15:58 passage 645008: No valid action available
Oracle found no valid action
stack: [                    ]
buffer: []
nodes left: [1.2]
edges left: [1.2->1.6 1.2->1.4 1.8->1.15 1.4->1.14 1.1->1.2 1.2->1.5 1.6->1.8]
Actions returned by the oracle:
  FINISH: Root has no child at parse end
2019-06-04 02:41:01 passage 645008: No valid action available
Oracle found no valid action
stack: [                    ]
buffer: []
nodes left: [1.2]
edges left: [1.8->1.15 1.2->1.4 1.1->1.2 1.4->1.14 1.2->1.6 1.6->1.8 1.2->1.5]
Actions returned by the oracle:
  FINISH: Root has no child at parse end
2019-06-04 03:05:30 passage 645008: No valid action available
Oracle found no valid action
stack: [                    ]
buffer: []
nodes left: [1.2]
edges left: [1.2->1.6 1.6->1.8 1.2->1.5 1.1->1.2 1.4->1.14 1.8->1.15 1.2->1.4]
Actions returned by the oracle:
  FINISH: Root has no child at parse end
2019-06-04 03:29:59 passage 645008: No valid action available
Oracle found no valid action
stack: [                    ]
buffer: []
nodes left: [1.2]
edges left: [1.2->1.6 1.4->1.14 1.2->1.4 1.2->1.5 1.1->1.2 1.6->1.8 1.8->1.15]
Actions returned by the oracle:
  FINISH: Root has no child at parse end
2019-06-04 03:55:42 passage 645008: No valid action available
Oracle found no valid action
stack: [                    ]
buffer: []
nodes left: [1.2]
edges left: [1.2->1.4 1.4->1.14 1.2->1.5 1.8->1.15 1.2->1.6 1.1->1.2 1.6->1.8]
Actions returned by the oracle:
  FINISH: Root has no child at parse end
2019-06-04 04:21:54 passage 645008: No valid action available
Oracle found no valid action
stack: [                    ]
buffer: []
nodes left: [1.2]
edges left: [1.4->1.14 1.2->1.4 1.2->1.5 1.8->1.15 1.1->1.2 1.6->1.8 1.2->1.6]
Actions returned by the oracle:
  FINISH: Root has no child at parse end
2019-06-04 04:47:35 passage 645008: No valid action available
Oracle found no valid action
stack: [                    ]
buffer: []
nodes left: [1.2]
edges left: [1.6->1.8 1.4->1.14 1.1->1.2 1.2->1.5 1.2->1.6 1.8->1.15 1.2->1.4]
Actions returned by the oracle:
  FINISH: Root has no child at parse end
2019-06-04 05:13:38 passage 645008: No valid action available
Oracle found no valid action
stack: [                    ]
buffer: []
nodes left: [1.2]
edges left: [1.4->1.14 1.2->1.6 1.6->1.8 1.2->1.4 1.1->1.2 1.2->1.5 1.8->1.15]
Actions returned by the oracle:
  FINISH: Root has no child at parse end
2019-06-04 05:39:49 passage 645008: No valid action available
Oracle found no valid action
stack: [                    ]
buffer: []
nodes left: [1.2]
edges left: [1.8->1.15 1.2->1.4 1.4->1.14 1.2->1.6 1.1->1.2 1.2->1.5 1.6->1.8]
Actions returned by the oracle:
  FINISH: Root has no child at parse end
2019-06-04 06:06:06 passage 639003: No valid action available
Oracle found no valid action
stack: [                    ]
buffer: []
nodes left: [1.5 1.28 1.11 1.49 1.20 1.18 1.21]
edges left: [1.2->1.47 1.2->1.49 1.2->1.44 1.49->1.51 1.51->1.55 1.3->1.28 1.49->1.52 1.49->1.64 1.49->1.50 1.1->1.66 1.1->1.3 1.1->1.4 1.1->1.65 1.3->1.30 1.2->1.46 1.1->1.5 1.2->1.45 1.28->1.39 1.11->1.13 1.21->1.67 1.11->1.14 1.44->1.62 1.18->1.20 1.44->1.60 1.1->1.2 1.21->1.23 1.18->1.21 1.20->1.25 1.5->1.10 1.35->0.27 1.20->1.24 1.28->1.40 1.21->1.22 1.28->1.38 1.5->1.11 1.14->1.18 1.34->1.37 1.35->0.26 1.34->1.36 1.29->1.34 1.11->1.12]
Actions returned by the oracle:
  FINISH: Root has no child at parse end
2019-06-04 06:06:39 passage 645008: No valid action available
Oracle found no valid action
stack: [                    ]
buffer: []
nodes left: [1.2]
edges left: [1.4->1.14 1.6->1.8 1.2->1.6 1.1->1.2 1.2->1.5 1.8->1.15 1.2->1.4]
Actions returned by the oracle:
  FINISH: Root has no child at parse end
2019-06-04 06:08:28 passage 661018: No valid action available
Oracle found no valid action
stack: [                    ]
buffer: []
nodes left: [1.6 1.21]
edges left: [1.10->1.12 1.2->1.9 1.2->1.5 1.10->1.13 1.6->1.19 1.2->1.8 1.10->1.14 1.2->1.7 1.2->1.6 1.4->1.21 1.1->1.2 1.21->1.24 1.4->1.22 1.21->1.23 1.6->1.18 1.2->1.10]
Actions returned by the oracle:
  FINISH: Root has no child at parse end
2019-06-04 06:33:37 passage 645008: No valid action available
Oracle found no valid action
stack: [                    ]
buffer: []
nodes left: [1.2]
edges left: [1.2->1.5 1.4->1.14 1.1->1.2 1.2->1.4 1.2->1.6 1.6->1.8 1.8->1.15]
Actions returned by the oracle:
  FINISH: Root has no child at parse end
2019-06-04 06:35:09 passage 661018: No valid action available
Oracle found no valid action
stack: [                    ]
buffer: []
nodes left: [1.6 1.21]
edges left: [1.6->1.18 1.10->1.13 1.1->1.2 1.21->1.23 1.2->1.5 1.2->1.6 1.2->1.8 1.6->1.19 1.10->1.12 1.2->1.9 1.10->1.14 1.4->1.22 1.21->1.24 1.2->1.10 1.2->1.7 1.4->1.21]
Actions returned by the oracle:
  FINISH: Root has no child at parse end
2019-06-04 06:59:36 passage 645008: No valid action available
Oracle found no valid action
stack: [                    ]
buffer: []
nodes left: [1.2]
edges left: [1.4->1.14 1.2->1.5 1.2->1.6 1.6->1.8 1.8->1.15 1.2->1.4 1.1->1.2]
Actions returned by the oracle:
  FINISH: Root has no child at parse end
2019-06-04 07:01:26 passage 661018: No valid action available
Oracle found no valid action
stack: [                    ]
buffer: []
nodes left: [1.6 1.21]
edges left: [1.2->1.7 1.2->1.8 1.10->1.12 1.2->1.9 1.6->1.19 1.10->1.14 1.21->1.23 1.21->1.24 1.4->1.21 1.2->1.6 1.2->1.10 1.4->1.22 1.10->1.13 1.1->1.2 1.6->1.18 1.2->1.5]
Actions returned by the oracle:
  FINISH: Root has no child at parse end
2019-06-04 07:28:01 passage 645008: No valid action available
Oracle found no valid action
stack: [                    ]
buffer: []
nodes left: [1.2]
edges left: [1.2->1.5 1.1->1.2 1.8->1.15 1.2->1.6 1.4->1.14 1.2->1.4 1.6->1.8]
Actions returned by the oracle:
  FINISH: Root has no child at parse end
2019-06-04 07:29:34 passage 661018: No valid action available
Oracle found no valid action
stack: [                    ]
buffer: []
nodes left: [1.6 1.21]
edges left: [1.6->1.19 1.21->1.24 1.10->1.14 1.2->1.9 1.2->1.10 1.2->1.8 1.2->1.6 1.1->1.2 1.4->1.22 1.10->1.12 1.10->1.13 1.2->1.7 1.4->1.21 1.21->1.23 1.2->1.5 1.6->1.18]
Actions returned by the oracle:
  FINISH: Root has no child at parse end
2019-06-04 07:54:05 passage 645008: No valid action available
Oracle found no valid action
stack: [                    ]
buffer: []
nodes left: [1.2]
edges left: [1.8->1.15 1.2->1.5 1.4->1.14 1.1->1.2 1.2->1.4 1.2->1.6 1.6->1.8]
Actions returned by the oracle:
  FINISH: Root has no child at parse end
2019-06-04 07:55:35 passage 661018: No valid action available
Oracle found no valid action
stack: [                    ]
buffer: []
nodes left: [1.6 1.21]
edges left: [1.1->1.2 1.2->1.8 1.2->1.10 1.6->1.19 1.2->1.6 1.2->1.9 1.2->1.7 1.21->1.24 1.6->1.18 1.21->1.23 1.10->1.12 1.2->1.5 1.4->1.22 1.4->1.21 1.10->1.13 1.10->1.14]
Actions returned by the oracle:
  FINISH: Root has no child at parse end
2019-06-04 08:19:48 passage 645008: No valid action available
Oracle found no valid action
stack: [                    ]
buffer: []
nodes left: [1.2]
edges left: [1.2->1.5 1.2->1.4 1.8->1.15 1.1->1.2 1.4->1.14 1.6->1.8 1.2->1.6]
Actions returned by the oracle:
  FINISH: Root has no child at parse end
2019-06-04 08:20:36 passage 654009: No valid action available
Oracle found no valid action
stack: [                    ]
buffer: []
nodes left: [1.4 1.3 1.14 1.8]
edges left: [1.1->1.3 1.4->1.8 1.8->1.13 1.1->1.2 1.3->1.16 1.4->1.9 1.14->0.7 1.1->1.4 1.3->1.6 1.8->1.14 1.3->1.15 1.4->1.6 1.4->1.7]
Actions returned by the oracle:
  FINISH: Root has no child at parse end
2019-06-04 08:21:23 passage 661018: No valid action available
Oracle found no valid action
stack: [                    ]
buffer: []
nodes left: [1.6 1.21]
edges left: [1.4->1.21 1.21->1.23 1.6->1.18 1.2->1.6 1.6->1.19 1.2->1.9 1.10->1.12 1.10->1.13 1.10->1.14 1.2->1.7 1.1->1.2 1.4->1.22 1.21->1.24 1.2->1.10 1.2->1.8 1.2->1.5]
Actions returned by the oracle:
  FINISH: Root has no child at parse end
2019-06-04 08:48:35 passage 645008: No valid action available
Oracle found no valid action
stack: [                    ]
buffer: []
nodes left: [1.2]
edges left: [1.4->1.14 1.6->1.8 1.2->1.5 1.1->1.2 1.2->1.6 1.2->1.4 1.8->1.15]
Actions returned by the oracle:
  FINISH: Root has no child at parse end
2019-06-04 08:49:31 passage 654009: No valid action available
Oracle found no valid action
stack: [                    ]
buffer: []
nodes left: [1.4 1.3 1.14 1.8]
edges left: [1.3->1.6 1.4->1.6 1.4->1.9 1.8->1.13 1.3->1.16 1.1->1.4 1.8->1.14 1.1->1.3 1.4->1.8 1.14->0.7 1.1->1.2 1.4->1.7 1.3->1.15]
Actions returned by the oracle:
  FINISH: Root has no child at parse end
2019-06-04 08:50:19 passage 661018: No valid action available
Oracle found no valid action
stack: [                    ]
buffer: []
nodes left: [1.6 1.21]
edges left: [1.2->1.7 1.10->1.12 1.21->1.23 1.2->1.8 1.10->1.13 1.6->1.18 1.6->1.19 1.2->1.5 1.2->1.10 1.21->1.24 1.4->1.22 1.2->1.6 1.10->1.14 1.2->1.9 1.1->1.2 1.4->1.21]
Actions returned by the oracle:
  FINISH: Root has no child at parse end
2019-06-04 09:14:57 passage 645008: No valid action available
Oracle found no valid action
stack: [                    ]
buffer: []
nodes left: [1.2]
edges left: [1.1->1.2 1.2->1.6 1.2->1.5 1.2->1.4 1.8->1.15 1.6->1.8 1.4->1.14]
Actions returned by the oracle:
  FINISH: Root has no child at parse end
2019-06-04 09:15:45 passage 654009: No valid action available
Oracle found no valid action
stack: [                    ]
buffer: []
nodes left: [1.4 1.3 1.14 1.8]
edges left: [1.4->1.7 1.8->1.13 1.1->1.4 1.3->1.15 1.4->1.9 1.3->1.16 1.14->0.7 1.3->1.6 1.4->1.8 1.4->1.6 1.1->1.2 1.8->1.14 1.1->1.3]
Actions returned by the oracle:
  FINISH: Root has no child at parse end
2019-06-04 09:16:27 passage 661018: No valid action available
Oracle found no valid action
stack: [                    ]
buffer: []
nodes left: [1.6 1.21]
edges left: [1.2->1.5 1.1->1.2 1.10->1.14 1.10->1.12 1.21->1.23 1.6->1.19 1.4->1.22 1.2->1.10 1.2->1.9 1.2->1.6 1.10->1.13 1.6->1.18 1.4->1.21 1.2->1.7 1.21->1.24 1.2->1.8]
Actions returned by the oracle:
  FINISH: Root has no child at parse end
2019-06-04 09:41:38 passage 645008: No valid action available
Oracle found no valid action
stack: [                    ]
buffer: []
nodes left: [1.2]
edges left: [1.1->1.2 1.8->1.15 1.2->1.5 1.6->1.8 1.2->1.6 1.4->1.14 1.2->1.4]
Actions returned by the oracle:
  FINISH: Root has no child at parse end
2019-06-04 09:42:31 passage 654009: No valid action available
Oracle found no valid action
stack: [                    ]
buffer: []
nodes left: [1.4 1.3 1.14 1.8]
edges left: [1.3->1.16 1.3->1.6 1.1->1.4 1.4->1.8 1.4->1.6 1.4->1.9 1.1->1.3 1.1->1.2 1.8->1.13 1.4->1.7 1.14->0.7 1.3->1.15 1.8->1.14]
Actions returned by the oracle:
  FINISH: Root has no child at parse end
2019-06-04 09:43:19 passage 661018: No valid action available
Oracle found no valid action
stack: [                    ]
buffer: []
nodes left: [1.6 1.21]
edges left: [1.4->1.21 1.4->1.22 1.6->1.19 1.2->1.9 1.2->1.8 1.10->1.14 1.10->1.12 1.21->1.24 1.2->1.6 1.21->1.23 1.2->1.10 1.10->1.13 1.2->1.5 1.2->1.7 1.1->1.2 1.6->1.18]
Actions returned by the oracle:
  FINISH: Root has no child at parse end
2019-06-04 10:08:51 passage 645008: No valid action available
Oracle found no valid action
stack: [                    ]
buffer: []
nodes left: [1.2]
edges left: [1.4->1.14 1.8->1.15 1.2->1.4 1.2->1.6 1.1->1.2 1.2->1.5 1.6->1.8]
Actions returned by the oracle:
  FINISH: Root has no child at parse end
2019-06-04 10:09:42 passage 654009: No valid action available
Oracle found no valid action
stack: [                    ]
buffer: []
nodes left: [1.4 1.3 1.14 1.8]
edges left: [1.1->1.2 1.4->1.8 1.4->1.6 1.3->1.16 1.8->1.14 1.8->1.13 1.1->1.4 1.1->1.3 1.4->1.9 1.4->1.7 1.14->0.7 1.3->1.6 1.3->1.15]
Actions returned by the oracle:
  FINISH: Root has no child at parse end
2019-06-04 10:10:27 passage 661018: No valid action available
Oracle found no valid action
stack: [                    ]
buffer: []
nodes left: [1.6 1.21]
edges left: [1.4->1.21 1.6->1.18 1.2->1.7 1.10->1.13 1.4->1.22 1.21->1.24 1.2->1.8 1.2->1.10 1.21->1.23 1.10->1.12 1.2->1.5 1.10->1.14 1.2->1.9 1.6->1.19 1.2->1.6 1.1->1.2]
Actions returned by the oracle:
  FINISH: Root has no child at parse end
2019-06-04 10:37:53 passage 645008: No valid action available
Oracle found no valid action
stack: [                    ]
buffer: []
nodes left: [1.2]
edges left: [1.6->1.8 1.2->1.6 1.1->1.2 1.8->1.15 1.2->1.5 1.4->1.14 1.2->1.4]
Actions returned by the oracle:
  FINISH: Root has no child at parse end
2019-06-04 10:38:43 passage 654009: No valid action available
Oracle found no valid action
stack: [                    ]
buffer: []
nodes left: [1.4 1.3 1.14 1.8]
edges left: [1.4->1.8 1.4->1.9 1.14->0.7 1.1->1.4 1.4->1.6 1.4->1.7 1.8->1.14 1.3->1.16 1.3->1.15 1.1->1.2 1.3->1.6 1.1->1.3 1.8->1.13]
Actions returned by the oracle:
  FINISH: Root has no child at parse end
2019-06-04 10:39:28 passage 661018: No valid action available
Oracle found no valid action
stack: [                    ]
buffer: []
nodes left: [1.6 1.21]
edges left: [1.10->1.14 1.6->1.19 1.2->1.6 1.10->1.13 1.4->1.22 1.2->1.7 1.2->1.8 1.21->1.24 1.4->1.21 1.2->1.5 1.1->1.2 1.2->1.9 1.21->1.23 1.2->1.10 1.10->1.12 1.6->1.18]
Actions returned by the oracle:
  FINISH: Root has no child at parse end
2019-06-04 11:06:41 passage 645008: No valid action available
Oracle found no valid action
stack: [                    ]
buffer: []
nodes left: [1.2]
edges left: [1.8->1.15 1.1->1.2 1.2->1.4 1.6->1.8 1.2->1.6 1.4->1.14 1.2->1.5]
Actions returned by the oracle:
  FINISH: Root has no child at parse end
2019-06-04 11:07:35 passage 654009: No valid action available
Oracle found no valid action
stack: [                    ]
buffer: []
nodes left: [1.4 1.3 1.14 1.8]
edges left: [1.8->1.13 1.3->1.15 1.14->0.7 1.4->1.7 1.1->1.2 1.4->1.6 1.4->1.8 1.3->1.16 1.3->1.6 1.8->1.14 1.4->1.9 1.1->1.4 1.1->1.3]
Actions returned by the oracle:
  FINISH: Root has no child at parse end
2019-06-04 11:08:22 passage 661018: No valid action available
Oracle found no valid action
stack: [                    ]
buffer: []
nodes left: [1.6 1.21]
edges left: [1.4->1.21 1.1->1.2 1.4->1.22 1.6->1.19 1.10->1.13 1.10->1.12 1.2->1.8 1.2->1.6 1.21->1.24 1.2->1.9 1.2->1.7 1.21->1.23 1.2->1.10 1.6->1.18 1.2->1.5 1.10->1.14]
Actions returned by the oracle:
  FINISH: Root has no child at parse end
2019-06-04 11:33:50 passage 645008: No valid action available
Oracle found no valid action
stack: [                    ]
buffer: []
nodes left: [1.2]
edges left: [1.2->1.5 1.8->1.15 1.1->1.2 1.2->1.6 1.4->1.14 1.2->1.4 1.6->1.8]
Actions returned by the oracle:
  FINISH: Root has no child at parse end
2019-06-04 11:34:40 passage 654009: No valid action available
Oracle found no valid action
stack: [                    ]
buffer: []
nodes left: [1.4 1.3 1.14 1.8]
edges left: [1.1->1.3 1.1->1.2 1.4->1.8 1.8->1.14 1.4->1.7 1.8->1.13 1.3->1.6 1.4->1.6 1.3->1.15 1.3->1.16 1.1->1.4 1.14->0.7 1.4->1.9]
Actions returned by the oracle:
  FINISH: Root has no child at parse end
2019-06-04 11:35:24 passage 661018: No valid action available
Oracle found no valid action
stack: [                    ]
buffer: []
nodes left: [1.6 1.21]
edges left: [1.6->1.18 1.4->1.22 1.2->1.6 1.2->1.5 1.21->1.24 1.2->1.7 1.10->1.13 1.2->1.10 1.1->1.2 1.10->1.12 1.21->1.23 1.2->1.9 1.10->1.14 1.6->1.19 1.4->1.21 1.2->1.8]
Actions returned by the oracle:
  FINISH: Root has no child at parse end
2019-06-04 12:00:52 passage 645008: No valid action available
Oracle found no valid action
stack: [                    ]
buffer: []
nodes left: [1.2]
edges left: [1.2->1.4 1.1->1.2 1.4->1.14 1.2->1.6 1.2->1.5 1.8->1.15 1.6->1.8]
Actions returned by the oracle:
  FINISH: Root has no child at parse end
2019-06-04 12:01:48 passage 654009: No valid action available
Oracle found no valid action
stack: [                    ]
buffer: []
nodes left: [1.4 1.3 1.14 1.8]
edges left: [1.8->1.13 1.4->1.9 1.1->1.3 1.3->1.15 1.4->1.8 1.4->1.7 1.3->1.6 1.3->1.16 1.1->1.2 1.14->0.7 1.1->1.4 1.4->1.6 1.8->1.14]
Actions returned by the oracle:
  FINISH: Root has no child at parse end
2019-06-04 12:01:55 passage 655008: No valid action available
Oracle found no valid action
stack: [                    ]
buffer: []
nodes left: [1.6 1.29 1.23 1.7]
edges left: [1.12->1.42 1.12->1.43 1.2->1.6 1.7->1.9 1.29->1.31 1.11->1.23 1.12->1.17 1.7->1.12 1.23->1.40 1.12->1.18 1.23->1.29 1.23->1.28 1.11->1.39 1.11->1.38 1.7->1.11 1.11->1.22 1.7->1.41 1.29->1.32 1.12->1.44 1.2->1.7 1.23->1.26 1.6->0.5 1.7->1.10 1.7->1.8 1.12->1.15 1.2->1.5 1.12->1.16 1.23->1.27 1.1->1.2]
Actions returned by the oracle:
  FINISH: Root has no child at parse end
2019-06-04 12:02:40 passage 661018: No valid action available
Oracle found no valid action
stack: [                    ]
buffer: []
nodes left: [1.6 1.21]
edges left: [1.4->1.21 1.6->1.18 1.1->1.2 1.2->1.8 1.2->1.7 1.2->1.9 1.2->1.6 1.10->1.13 1.4->1.22 1.10->1.14 1.21->1.24 1.2->1.5 1.2->1.10 1.10->1.12 1.21->1.23 1.6->1.19]
Actions returned by the oracle:
  FINISH: Root has no child at parse end
2019-06-04 12:29:55 passage 645008: No valid action available
Oracle found no valid action
stack: [                    ]
buffer: []
nodes left: [1.2]
edges left: [1.2->1.4 1.6->1.8 1.1->1.2 1.2->1.6 1.4->1.14 1.2->1.5 1.8->1.15]
Actions returned by the oracle:
  FINISH: Root has no child at parse end
2019-06-04 12:30:45 passage 654009: No valid action available
Oracle found no valid action
stack: [                    ]
buffer: []
nodes left: [1.4 1.3 1.14 1.8]
edges left: [1.1->1.4 1.3->1.15 1.4->1.6 1.4->1.7 1.14->0.7 1.4->1.9 1.3->1.6 1.1->1.3 1.3->1.16 1.8->1.13 1.1->1.2 1.4->1.8 1.8->1.14]
Actions returned by the oracle:
  FINISH: Root has no child at parse end
2019-06-04 12:30:50 passage 655008: No valid action available
Oracle found no valid action
stack: [                    ]
buffer: []
nodes left: [1.6 1.29 1.23 1.7]
edges left: [1.7->1.12 1.7->1.41 1.29->1.32 1.7->1.11 1.12->1.16 1.12->1.18 1.2->1.7 1.1->1.2 1.2->1.6 1.11->1.23 1.7->1.8 1.7->1.10 1.23->1.28 1.29->1.31 1.12->1.42 1.11->1.22 1.23->1.40 1.7->1.9 1.2->1.5 1.6->0.5 1.12->1.43 1.23->1.29 1.23->1.27 1.12->1.15 1.23->1.26 1.12->1.17 1.11->1.38 1.12->1.44 1.11->1.39]
Actions returned by the oracle:
  FINISH: Root has no child at parse end
2019-06-04 12:31:30 passage 661018: No valid action available
Oracle found no valid action
stack: [                    ]
buffer: []
nodes left: [1.6 1.21]
edges left: [1.6->1.18 1.2->1.9 1.10->1.14 1.2->1.5 1.10->1.12 1.21->1.24 1.6->1.19 1.2->1.10 1.4->1.22 1.4->1.21 1.21->1.23 1.2->1.8 1.1->1.2 1.10->1.13 1.2->1.6 1.2->1.7]
Actions returned by the oracle:
  FINISH: Root has no child at parse end
2019-06-04 12:57:44 passage 645008: No valid action available
Oracle found no valid action
stack: [                    ]
buffer: []
nodes left: [1.2]
edges left: [1.1->1.2 1.4->1.14 1.6->1.8 1.2->1.4 1.2->1.5 1.8->1.15 1.2->1.6]
Actions returned by the oracle:
  FINISH: Root has no child at parse end
2019-06-04 12:58:33 passage 654009: No valid action available
Oracle found no valid action
stack: [                    ]
buffer: []
nodes left: [1.4 1.3 1.14 1.8]
edges left: [1.3->1.16 1.4->1.9 1.8->1.14 1.1->1.2 1.4->1.6 1.4->1.7 1.1->1.4 1.1->1.3 1.14->0.7 1.3->1.6 1.8->1.13 1.4->1.8 1.3->1.15]
Actions returned by the oracle:
  FINISH: Root has no child at parse end
2019-06-04 12:58:38 passage 655008: No valid action available
Oracle found no valid action
stack: [                    ]
buffer: []
nodes left: [1.6 1.29 1.23 1.7]
edges left: [1.12->1.16 1.6->0.5 1.23->1.29 1.23->1.27 1.12->1.17 1.1->1.2 1.2->1.5 1.11->1.39 1.23->1.26 1.2->1.6 1.12->1.42 1.23->1.40 1.23->1.28 1.7->1.10 1.12->1.18 1.29->1.31 1.29->1.32 1.7->1.11 1.11->1.22 1.12->1.15 1.7->1.12 1.11->1.38 1.12->1.43 1.7->1.8 1.12->1.44 1.11->1.23 1.7->1.9 1.7->1.41 1.2->1.7]
Actions returned by the oracle:
  FINISH: Root has no child at parse end
2019-06-04 12:59:17 passage 661018: No valid action available
Oracle found no valid action
stack: [                    ]
buffer: []
nodes left: [1.6 1.21]
edges left: [1.4->1.22 1.2->1.9 1.10->1.13 1.2->1.5 1.1->1.2 1.2->1.8 1.21->1.24 1.2->1.10 1.10->1.14 1.4->1.21 1.21->1.23 1.6->1.19 1.6->1.18 1.2->1.6 1.10->1.12 1.2->1.7]
Actions returned by the oracle:
  FINISH: Root has no child at parse end
2019-06-04 13:26:23 passage 645008: No valid action available
Oracle found no valid action
stack: [                    ]
buffer: []
nodes left: [1.2]
edges left: [1.2->1.4 1.4->1.14 1.8->1.15 1.1->1.2 1.6->1.8 1.2->1.6 1.2->1.5]
Actions returned by the oracle:
  FINISH: Root has no child at parse end
2019-06-04 13:27:19 passage 654009: No valid action available
Oracle found no valid action
stack: [                    ]
buffer: []
nodes left: [1.4 1.3 1.14 1.8]
edges left: [1.8->1.14 1.3->1.6 1.8->1.13 1.4->1.7 1.4->1.8 1.4->1.6 1.1->1.3 1.3->1.15 1.14->0.7 1.1->1.2 1.3->1.16 1.4->1.9 1.1->1.4]
Actions returned by the oracle:
  FINISH: Root has no child at parse end
2019-06-04 13:27:24 passage 655008: No valid action available
Oracle found no valid action
stack: [                    ]
buffer: []
nodes left: [1.6 1.29 1.23 1.7]
edges left: [1.7->1.9 1.6->0.5 1.11->1.23 1.11->1.22 1.11->1.39 1.7->1.11 1.29->1.31 1.23->1.28 1.29->1.32 1.12->1.42 1.12->1.15 1.7->1.12 1.12->1.17 1.23->1.29 1.11->1.38 1.2->1.5 1.23->1.26 1.7->1.8 1.2->1.6 1.12->1.43 1.7->1.10 1.2->1.7 1.7->1.41 1.12->1.18 1.23->1.40 1.12->1.16 1.23->1.27 1.1->1.2 1.12->1.44]
Actions returned by the oracle:
  FINISH: Root has no child at parse end
2019-06-04 13:28:05 passage 661018: No valid action available
Oracle found no valid action
stack: [                    ]
buffer: []
nodes left: [1.6]
edges left: [1.10->1.12 1.2->1.8 1.2->1.9 1.4->1.22 1.2->1.6 1.6->1.18 1.10->1.14 1.6->1.19 1.10->1.13 1.21->1.23 1.2->1.10 1.2->1.5 1.1->1.2 1.4->1.21 1.2->1.7]
Actions returned by the oracle:
  FINISH: Root has no child at parse end
2019-06-04 13:54:37 passage 645008: No valid action available
Oracle found no valid action
stack: [                    ]
buffer: []
nodes left: [1.2]
edges left: [1.2->1.4 1.8->1.15 1.1->1.2 1.2->1.5 1.2->1.6 1.6->1.8 1.4->1.14]
Actions returned by the oracle:
  FINISH: Root has no child at parse end
2019-06-04 13:55:34 passage 654009: No valid action available
Oracle found no valid action
stack: [                    ]
buffer: []
nodes left: [1.4 1.3 1.14 1.8]
edges left: [1.4->1.8 1.8->1.13 1.14->0.7 1.3->1.15 1.4->1.7 1.3->1.6 1.3->1.16 1.8->1.14 1.4->1.9 1.1->1.4 1.1->1.2 1.4->1.6 1.1->1.3]
Actions returned by the oracle:
  FINISH: Root has no child at parse end
2019-06-04 13:55:39 passage 655008: No valid action available
Oracle found no valid action
stack: [                    ]
buffer: []
nodes left: [1.6 1.29 1.23 1.7]
edges left: [1.2->1.7 1.11->1.38 1.7->1.11 1.11->1.23 1.29->1.32 1.7->1.41 1.7->1.12 1.12->1.42 1.2->1.6 1.12->1.17 1.23->1.26 1.23->1.40 1.6->0.5 1.7->1.9 1.7->1.10 1.1->1.2 1.29->1.31 1.12->1.18 1.7->1.8 1.12->1.15 1.23->1.28 1.11->1.39 1.12->1.43 1.12->1.16 1.23->1.27 1.23->1.29 1.11->1.22 1.12->1.44 1.2->1.5]
Actions returned by the oracle:
  FINISH: Root has no child at parse end
2019-06-04 13:56:24 passage 661018: No valid action available
Oracle found no valid action
stack: [                    ]
buffer: []
nodes left: [1.6]
edges left: [1.4->1.21 1.10->1.14 1.4->1.22 1.2->1.9 1.21->1.23 1.2->1.6 1.6->1.18 1.6->1.19 1.2->1.5 1.1->1.2 1.2->1.10 1.2->1.7 1.10->1.12 1.2->1.8 1.10->1.13]
Actions returned by the oracle:
  FINISH: Root has no child at parse end
2019-06-04 14:23:22 passage 645008: No valid action available
Oracle found no valid action
stack: [                    ]
buffer: []
nodes left: [1.2]
edges left: [1.2->1.5 1.1->1.2 1.4->1.14 1.6->1.8 1.8->1.15 1.2->1.4 1.2->1.6]
Actions returned by the oracle:
  FINISH: Root has no child at parse end
2019-06-04 14:24:12 passage 654009: No valid action available
Oracle found no valid action
stack: [                    ]
buffer: []
nodes left: [1.4 1.3 1.14 1.8]
edges left: [1.1->1.3 1.4->1.7 1.4->1.8 1.4->1.9 1.4->1.6 1.3->1.16 1.1->1.2 1.8->1.13 1.14->0.7 1.3->1.15 1.1->1.4 1.8->1.14 1.3->1.6]
Actions returned by the oracle:
  FINISH: Root has no child at parse end
2019-06-04 14:24:57 passage 661018: No valid action available
Oracle found no valid action
stack: [                    ]
buffer: []
nodes left: [1.6]
edges left: [1.6->1.18 1.2->1.8 1.4->1.21 1.10->1.12 1.2->1.5 1.6->1.19 1.21->1.23 1.2->1.7 1.2->1.6 1.10->1.13 1.1->1.2 1.2->1.9 1.4->1.22 1.10->1.14 1.2->1.10]
Actions returned by the oracle:
  FINISH: Root has no child at parse end
2019-06-04 14:52:33 passage 645008: No valid action available
Oracle found no valid action
stack: [                    ]
buffer: []
nodes left: [1.2]
edges left: [1.8->1.15 1.2->1.6 1.1->1.2 1.2->1.4 1.4->1.14 1.2->1.5 1.6->1.8]
Actions returned by the oracle:
  FINISH: Root has no child at parse end
2019-06-04 14:53:26 passage 654009: No valid action available
Oracle found no valid action
stack: [                    ]
buffer: []
nodes left: [1.4 1.3 1.14 1.8]
edges left: [1.14->0.7 1.3->1.6 1.8->1.13 1.4->1.9 1.3->1.15 1.1->1.3 1.8->1.14 1.3->1.16 1.4->1.8 1.1->1.2 1.1->1.4 1.4->1.6 1.4->1.7]
Actions returned by the oracle:
  FINISH: Root has no child at parse end
2019-06-04 14:54:14 passage 661018: No valid action available
Oracle found no valid action
stack: [                    ]
buffer: []
nodes left: [1.6]
edges left: [1.2->1.6 1.4->1.21 1.2->1.9 1.4->1.22 1.10->1.12 1.1->1.2 1.6->1.18 1.10->1.13 1.2->1.7 1.2->1.5 1.6->1.19 1.2->1.8 1.2->1.10 1.21->1.23 1.10->1.14]
Actions returned by the oracle:
  FINISH: Root has no child at parse end
2019-06-04 15:20:42 passage 645008: No valid action available
Oracle found no valid action
stack: [                    ]
buffer: []
nodes left: [1.2]
edges left: [1.4->1.14 1.1->1.2 1.8->1.15 1.6->1.8 1.2->1.4 1.2->1.5 1.2->1.6]
Actions returned by the oracle:
  FINISH: Root has no child at parse end
2019-06-04 15:21:34 passage 654009: No valid action available
Oracle found no valid action
stack: [                    ]
buffer: []
nodes left: [1.4 1.3 1.14 1.8]
edges left: [1.8->1.14 1.14->0.7 1.1->1.4 1.1->1.2 1.3->1.6 1.8->1.13 1.4->1.9 1.1->1.3 1.4->1.6 1.3->1.15 1.3->1.16 1.4->1.7 1.4->1.8]
Actions returned by the oracle:
  FINISH: Root has no child at parse end
2019-06-04 15:22:21 passage 661018: No valid action available
Oracle found no valid action
stack: [                    ]
buffer: []
nodes left: [1.6]
edges left: [1.6->1.19 1.1->1.2 1.2->1.10 1.4->1.21 1.2->1.5 1.2->1.6 1.10->1.13 1.2->1.7 1.2->1.8 1.10->1.12 1.10->1.14 1.21->1.23 1.4->1.22 1.2->1.9 1.6->1.18]
Actions returned by the oracle:
  FINISH: Root has no child at parse end
2019-06-04 15:49:37 passage 645008: No valid action available
Oracle found no valid action
stack: [                    ]
buffer: []
nodes left: [1.2]
edges left: [1.8->1.15 1.1->1.2 1.4->1.14 1.6->1.8 1.2->1.4 1.2->1.6 1.2->1.5]
Actions returned by the oracle:
  FINISH: Root has no child at parse end
2019-06-04 15:50:29 passage 654009: No valid action available
Oracle found no valid action
stack: [                    ]
buffer: []
nodes left: [1.4 1.3 1.14 1.8]
edges left: [1.4->1.6 1.4->1.9 1.3->1.16 1.1->1.3 1.4->1.7 1.8->1.14 1.8->1.13 1.1->1.2 1.3->1.15 1.14->0.7 1.4->1.8 1.1->1.4 1.3->1.6]
Actions returned by the oracle:
  FINISH: Root has no child at parse end
2019-06-04 15:51:16 passage 661018: No valid action available
Oracle found no valid action
stack: [                    ]
buffer: []
nodes left: [1.6]
edges left: [1.2->1.10 1.10->1.12 1.2->1.5 1.2->1.7 1.4->1.21 1.2->1.6 1.1->1.2 1.2->1.8 1.4->1.22 1.6->1.18 1.2->1.9 1.21->1.23 1.6->1.19 1.10->1.14 1.10->1.13]
Actions returned by the oracle:
  FINISH: Root has no child at parse end
2019-06-04 16:18:23 passage 645008: No valid action available
Oracle found no valid action
stack: [                    ]
buffer: []
nodes left: [1.2]
edges left: [1.1->1.2 1.2->1.6 1.8->1.15 1.6->1.8 1.2->1.4 1.4->1.14 1.2->1.5]
Actions returned by the oracle:
  FINISH: Root has no child at parse end
2019-06-04 16:19:17 passage 654009: No valid action available
Oracle found no valid action
stack: [                    ]
buffer: []
nodes left: [1.4 1.3 1.14 1.8]
edges left: [1.4->1.8 1.8->1.13 1.4->1.9 1.1->1.2 1.4->1.6 1.3->1.6 1.3->1.16 1.1->1.4 1.14->0.7 1.3->1.15 1.8->1.14 1.1->1.3 1.4->1.7]
Actions returned by the oracle:
  FINISH: Root has no child at parse end
2019-06-04 16:20:04 passage 661018: No valid action available
Oracle found no valid action
stack: [                    ]
buffer: []
nodes left: [1.6]
edges left: [1.6->1.19 1.4->1.21 1.1->1.2 1.4->1.22 1.2->1.10 1.10->1.13 1.10->1.12 1.21->1.23 1.2->1.8 1.2->1.7 1.2->1.6 1.2->1.9 1.6->1.18 1.10->1.14 1.2->1.5]
Actions returned by the oracle:
  FINISH: Root has no child at parse end
2019-06-04 16:47:14 passage 645008: No valid action available
Oracle found no valid action
stack: [                    ]
buffer: []
nodes left: [1.2]
edges left: [1.8->1.15 1.2->1.6 1.1->1.2 1.2->1.4 1.6->1.8 1.4->1.14 1.2->1.5]
Actions returned by the oracle:
  FINISH: Root has no child at parse end
2019-06-04 16:48:07 passage 654009: No valid action available
Oracle found no valid action
stack: [                    ]
buffer: []
nodes left: [1.4 1.3 1.14 1.8]
edges left: [1.1->1.3 1.3->1.6 1.3->1.15 1.3->1.16 1.4->1.6 1.1->1.2 1.1->1.4 1.4->1.7 1.8->1.13 1.4->1.8 1.8->1.14 1.4->1.9 1.14->0.7]
Actions returned by the oracle:
  FINISH: Root has no child at parse end
2019-06-04 16:48:53 passage 661018: No valid action available
Oracle found no valid action
stack: [                    ]
buffer: []
nodes left: [1.6]
edges left: [1.10->1.12 1.2->1.7 1.2->1.5 1.6->1.19 1.10->1.13 1.2->1.6 1.4->1.22 1.1->1.2 1.2->1.8 1.21->1.23 1.4->1.21 1.2->1.10 1.2->1.9 1.6->1.18 1.10->1.14]
Actions returned by the oracle:
  FINISH: Root has no child at parse end
2019-06-04 17:15:25 passage 645008: No valid action available
Oracle found no valid action
stack: [                    ]
buffer: []
nodes left: [1.2]
edges left: [1.6->1.8 1.2->1.4 1.4->1.14 1.2->1.6 1.1->1.2 1.2->1.5 1.8->1.15]
Actions returned by the oracle:
  FINISH: Root has no child at parse end
2019-06-04 17:16:17 passage 654009: No valid action available
Oracle found no valid action
stack: [                    ]
buffer: []
nodes left: [1.4 1.3 1.14 1.8]
edges left: [1.3->1.16 1.4->1.7 1.4->1.6 1.4->1.8 1.8->1.13 1.14->0.7 1.3->1.6 1.1->1.2 1.3->1.15 1.1->1.3 1.4->1.9 1.8->1.14 1.1->1.4]
Actions returned by the oracle:
  FINISH: Root has no child at parse end
2019-06-04 17:17:03 passage 661018: No valid action available
Oracle found no valid action
stack: [                    ]
buffer: []
nodes left: [1.6]
edges left: [1.10->1.12 1.6->1.19 1.10->1.14 1.2->1.5 1.6->1.18 1.2->1.9 1.2->1.6 1.10->1.13 1.21->1.23 1.2->1.10 1.1->1.2 1.4->1.21 1.4->1.22 1.2->1.7 1.2->1.8]
Actions returned by the oracle:
  FINISH: Root has no child at parse end
2019-06-04 17:44:20 passage 645008: No valid action available
Oracle found no valid action
stack: [                    ]
buffer: []
nodes left: [1.2]
edges left: [1.2->1.4 1.2->1.6 1.2->1.5 1.1->1.2 1.6->1.8 1.8->1.15 1.4->1.14]
Actions returned by the oracle:
  FINISH: Root has no child at parse end
2019-06-04 17:45:12 passage 654009: No valid action available
Oracle found no valid action
stack: [                    ]
buffer: []
nodes left: [1.4 1.3 1.14 1.8]
edges left: [1.3->1.15 1.4->1.9 1.4->1.6 1.8->1.14 1.1->1.3 1.14->0.7 1.4->1.8 1.3->1.16 1.1->1.4 1.3->1.6 1.1->1.2 1.4->1.7 1.8->1.13]
Actions returned by the oracle:
  FINISH: Root has no child at parse end
2019-06-04 17:45:58 passage 661018: No valid action available
Oracle found no valid action
stack: [                    ]
buffer: []
nodes left: [1.6]
edges left: [1.2->1.8 1.6->1.18 1.10->1.12 1.6->1.19 1.2->1.6 1.4->1.22 1.2->1.5 1.2->1.10 1.10->1.14 1.21->1.23 1.10->1.13 1.1->1.2 1.2->1.7 1.4->1.21 1.2->1.9]
Actions returned by the oracle:
  FINISH: Root has no child at parse end
2019-06-04 18:12:38 passage 645008: No valid action available
Oracle found no valid action
stack: [                    ]
buffer: []
nodes left: [1.2]
edges left: [1.2->1.5 1.8->1.15 1.6->1.8 1.2->1.4 1.4->1.14 1.2->1.6 1.1->1.2]
Actions returned by the oracle:
  FINISH: Root has no child at parse end
2019-06-04 18:13:32 passage 654009: No valid action available
Oracle found no valid action
stack: [                    ]
buffer: []
nodes left: [1.4 1.3 1.14 1.8]
edges left: [1.1->1.4 1.4->1.8 1.4->1.9 1.4->1.6 1.4->1.7 1.3->1.6 1.3->1.15 1.1->1.3 1.1->1.2 1.8->1.14 1.8->1.13 1.3->1.16 1.14->0.7]
Actions returned by the oracle:
  FINISH: Root has no child at parse end
2019-06-04 18:14:19 passage 661018: No valid action available
Oracle found no valid action
stack: [                    ]
buffer: []
nodes left: [1.6]
edges left: [1.21->1.23 1.2->1.5 1.2->1.7 1.1->1.2 1.4->1.21 1.10->1.13 1.2->1.6 1.2->1.8 1.4->1.22 1.6->1.19 1.2->1.10 1.2->1.9 1.10->1.12 1.6->1.18 1.10->1.14]
Actions returned by the oracle:
  FINISH: Root has no child at parse end
2019-06-04 18:41:52 passage 645008: No valid action available
Oracle found no valid action
stack: [                    ]
buffer: []
nodes left: [1.2]
edges left: [1.2->1.5 1.6->1.8 1.2->1.6 1.4->1.14 1.8->1.15 1.2->1.4 1.1->1.2]
Actions returned by the oracle:
  FINISH: Root has no child at parse end
2019-06-04 18:42:44 passage 654009: No valid action available
Oracle found no valid action
stack: [                    ]
buffer: []
nodes left: [1.4 1.3 1.14 1.8]
edges left: [1.1->1.4 1.8->1.13 1.14->0.7 1.1->1.2 1.1->1.3 1.4->1.9 1.8->1.14 1.4->1.8 1.3->1.16 1.4->1.7 1.4->1.6 1.3->1.15 1.3->1.6]
Actions returned by the oracle:
  FINISH: Root has no child at parse end
2019-06-04 18:43:31 passage 661018: No valid action available
Oracle found no valid action
stack: [                    ]
buffer: []
nodes left: [1.6]
edges left: [1.2->1.10 1.4->1.21 1.2->1.9 1.4->1.22 1.6->1.19 1.10->1.14 1.2->1.8 1.6->1.18 1.10->1.12 1.2->1.7 1.10->1.13 1.2->1.5 1.1->1.2 1.21->1.23 1.2->1.6]
Actions returned by the oracle:
  FINISH: Root has no child at parse end
2019-06-28 06:07:11 passage 674003: No valid action available

2019-06-28 06:50:25 passage 697005: No valid action available

2019-06-28 07:14:02 passage 704010: No valid action available

2019-06-28 07:35:52 passage 711011: No valid action available

2019-06-28 07:41:04 passage 725005: No valid action available

2019-06-28 07:48:09 passage 727004: No valid action available

